<?xml version="1.0" encoding="utf-8"?>
<TestRun id="ac89a031-b622-4bc3-9be0-4edf1c8d13a4" name="joaod@DESKTOP-1MEPQV3 2025-12-11 00:23:00" runUser="DESKTOP-1MEPQV3\joaod" xmlns="http://microsoft.com/schemas/VisualStudio/TeamTest/2010">
  <Times creation="2025-12-11T00:23:00.9709930-03:00" queuing="2025-12-11T00:23:00.9709937-03:00" start="2025-12-11T00:22:40.8222560-03:00" finish="2025-12-11T00:23:00.9714670-03:00" />
  <TestSettings name="default" id="7effeb86-f8d5-47ba-be43-4affb29dc051">
    <Deployment runDeploymentRoot="joaod_DESKTOP-1MEPQV3_2025-12-11_00_23_00" />
  </TestSettings>
  <TestLists>
    <TestList name="Resultados que não estão em uma lista" id="8c84fa94-04c1-424b-9868-57a2d4851a1d" />
    <TestList name="Todos os resultados carregados" id="19431567-8539-422a-85d7-44ee4e166bda" />
  </TestLists>
  <ResultSummary outcome="Failed">
    <Counters total="0" executed="0" passed="0" failed="0" error="0" timeout="0" aborted="0" inconclusive="0" passedButRunAborted="0" notRunnable="0" notExecuted="0" disconnected="0" warning="0" completed="0" inProgress="0" pending="0" />
    <Output>
      <StdOut>[xUnit.net 00:00:00.00] xUnit.net VSTest Adapter v2.8.2+699d445a1a (64-bit .NET 9.0.11)&#xD;
[xUnit.net 00:00:00.22]   Discovering: Tests&#xD;
[xUnit.net 00:00:00.62]   Discovered:  Tests&#xD;
[xUnit.net 00:00:00.63]   Starting:    Tests&#xD;
Stack overflow.&#xD;
   at System.Reflection.Emit.DynamicMethod.GetILGenerator(Int32)&#xD;
   at System.Linq.Expressions.Compiler.LambdaCompiler..ctor(System.Linq.Expressions.Compiler.AnalyzedTree, System.Linq.Expressions.LambdaExpression)&#xD;
   at System.Linq.Expressions.Compiler.LambdaCompiler.Compile(System.Linq.Expressions.LambdaExpression)&#xD;
   at System.Linq.Expressions.Expression`1[[System.__Canon, System.Private.CoreLib, Version=9.0.0.0, Culture=neutral, PublicKeyToken=7cec85d7bea7798e]].Compile()&#xD;
   at Moq.DefaultExpressionCompiler.Compile[[System.__Canon, System.Private.CoreLib, Version=9.0.0.0, Culture=neutral, PublicKeyToken=7cec85d7bea7798e]](System.Linq.Expressions.Expression`1&lt;System.__Canon&gt;)&#xD;
   at Moq.ExpressionExtensions.CompileUsingExpressionCompiler[[System.__Canon, System.Private.CoreLib, Version=9.0.0.0, Culture=neutral, PublicKeyToken=7cec85d7bea7798e]](System.Linq.Expressions.Expression`1&lt;System.__Canon&gt;)&#xD;
   at Moq.ExpressionExtensions.IsMatch(System.Linq.Expressions.Expression, Moq.Match ByRef)&#xD;
   at Moq.MatcherFactory.CreateMatcher(System.Linq.Expressions.Expression)&#xD;
   at Moq.MatcherFactory.CreateMatcher(System.Linq.Expressions.Expression, System.Reflection.ParameterInfo)&#xD;
   at Moq.MatcherFactory.CreateMatchers(System.Collections.Generic.IReadOnlyList`1&lt;System.Linq.Expressions.Expression&gt;, System.Reflection.ParameterInfo[])&#xD;
   at Moq.MethodExpectation..ctor(System.Linq.Expressions.LambdaExpression, System.Reflection.MethodInfo, System.Collections.Generic.IReadOnlyList`1&lt;System.Linq.Expressions.Expression&gt;, Boolean, Boolean, Boolean)&#xD;
   at Moq.ExpressionExtensions.&lt;Split&gt;g__Split|5_0(System.Linq.Expressions.Expression, System.Linq.Expressions.Expression ByRef, Moq.MethodExpectation ByRef, Boolean, Boolean)&#xD;
   at Moq.ExpressionExtensions.Split(System.Linq.Expressions.LambdaExpression, Boolean)&#xD;
   at Moq.Mock.SetupRecursive[[System.__Canon, System.Private.CoreLib, Version=9.0.0.0, Culture=neutral, PublicKeyToken=7cec85d7bea7798e]](Moq.Mock, System.Linq.Expressions.LambdaExpression, System.Func`4&lt;Moq.Mock,System.Linq.Expressions.Expression,Moq.MethodExpectation,System.__Canon&gt;, Boolean)&#xD;
   at Moq.Mock.Setup(Moq.Mock, System.Linq.Expressions.LambdaExpression, Moq.Condition)&#xD;
   at Moq.Mock`1[[System.__Canon, System.Private.CoreLib, Version=9.0.0.0, Culture=neutral, PublicKeyToken=7cec85d7bea7798e]].Setup(System.Linq.Expressions.Expression`1&lt;System.Action`1&lt;System.__Canon&gt;&gt;)&#xD;
   at Tests.Application.SharedHelpers.MockLogger.ConfigurarMockRecursivo(Moq.Mock`1&lt;Application.Contracts.IAppLogger&gt;)&#xD;
   at Tests.Application.SharedHelpers.MockLogger.ConfigurarMockRecursivo(Moq.Mock`1&lt;Application.Contracts.IAppLogger&gt;)&#xD;
   at Tests.Application.SharedHelpers.MockLogger.ConfigurarMockRecursivo(Moq.Mock`1&lt;Application.Contracts.IAppLogger&gt;)&#xD;
   at Tests.Application.SharedHelpers.MockLogger.ConfigurarMockRecursivo(Moq.Mock`1&lt;Application.Contracts.IAppLogger&gt;)&#xD;
   at Tests.Application.SharedHelpers.MockLogger.ConfigurarMockRecursivo(Moq.Mock`1&lt;Application.Contracts.IAppLogger&gt;)&#xD;
   at Tests.Application.SharedHelpers.MockLogger.ConfigurarMockRecursivo(Moq.Mock`1&lt;Application.Contracts.IAppLogger&gt;)&#xD;
   at Tests.Application.SharedHelpers.MockLogger.ConfigurarMockRecursivo(Moq.Mock`1&lt;Application.Contracts.IAppLogger&gt;)&#xD;
   at Tests.Application.SharedHelpers.MockLogger.ConfigurarMockRecursivo(Moq.Mock`1&lt;Application.Contracts.IAppLogger&gt;)&#xD;
   at Tests.Application.SharedHelpers.MockLogger.ConfigurarMockRecursivo(Moq.Mock`1&lt;Application.Contracts.IAppLogger&gt;)&#xD;
   at Tests.Application.SharedHelpers.MockLogger.ConfigurarMockRecursivo(Moq.Mock`1&lt;Application.Contracts.IAppLogger&gt;)&#xD;
   at Tests.Application.SharedHelpers.MockLogger.ConfigurarMockRecursivo(Moq.Mock`1&lt;Application.Contracts.IAppLogger&gt;)&#xD;
   at Tests.Application.SharedHelpers.MockLogger.ConfigurarMockRecursivo(Moq.Mock`1&lt;Application.Contracts.IAppLogger&gt;)&#xD;
   at Tests.Application.SharedHelpers.MockLogger.ConfigurarMockRecursivo(Moq.Mock`1&lt;Application.Contracts.IAppLogger&gt;)&#xD;
   at Tests.Application.SharedHelpers.MockLogger.ConfigurarMockRecursivo(Moq.Mock`1&lt;Application.Contracts.IAppLogger&gt;)&#xD;
   at Tests.Application.SharedHelpers.MockLogger.ConfigurarMockRecursivo(Moq.Mock`1&lt;Application.Contracts.IAppLogger&gt;)&#xD;
   at Tests.Application.SharedHelpers.MockLogger.ConfigurarMockRecursivo(Moq.Mock`1&lt;Application.Contracts.IAppLogger&gt;)&#xD;
   at Tests.Application.SharedHelpers.MockLogger.ConfigurarMockRecursivo(Moq.Mock`1&lt;Application.Contracts.IAppLogger&gt;)&#xD;
   at Tests.Application.SharedHelpers.MockLogger.ConfigurarMockRecursivo(Moq.Mock`1&lt;Application.Contracts.IAppLogger&gt;)&#xD;
   at Tests.Application.SharedHelpers.MockLogger.ConfigurarMockRecursivo(Moq.Mock`1&lt;Application.Contracts.IAppLogger&gt;)&#xD;
   at Tests.Application.SharedHelpers.MockLogger.ConfigurarMockRecursivo(Moq.Mock`1&lt;Application.Contracts.IAppLogger&gt;)&#xD;
   at Tests.Application.SharedHelpers.MockLogger.ConfigurarMockRecursivo(Moq.Mock`1&lt;Application.Contracts.IAppLogger&gt;)&#xD;
   at Tests.Application.SharedHelpers.MockLogger.ConfigurarMockRecursivo(Moq.Mock`1&lt;Application.Contracts.IAppLogger&gt;)&#xD;
   at Tests.Application.SharedHelpers.MockLogger.ConfigurarMockRecursivo(Moq.Mock`1&lt;Application.Contracts.IAppLogger&gt;)&#xD;
   at Tests.Application.SharedHelpers.MockLogger.ConfigurarMockRecursivo(Moq.Mock`1&lt;Application.Contracts.IAppLogger&gt;)&#xD;
   at Tests.Application.SharedHelpers.MockLogger.ConfigurarMockRecursivo(Moq.Mock`1&lt;Application.Contracts.IAppLogger&gt;)&#xD;
   at Tests.Application.SharedHelpers.MockLogger.ConfigurarMockRecursivo(Moq.Mock`1&lt;Application.Contracts.IAppLogger&gt;)&#xD;
   at Tests.Application.SharedHelpers.MockLogger.ConfigurarMockRecursivo(Moq.Mock`1&lt;Application.Contracts.IAppLogger&gt;)&#xD;
   at Tests.Application.SharedHelpers.MockLogger.ConfigurarMockRecursivo(Moq.Mock`1&lt;Application.Contracts.IAppLogger&gt;)&#xD;
   at Tests.Application.SharedHelpers.MockLogger.ConfigurarMockRecursivo(Moq.Mock`1&lt;Application.Contracts.IAppLogger&gt;)&#xD;
   at Tests.Application.SharedHelpers.MockLogger.ConfigurarMockRecursivo(Moq.Mock`1&lt;Application.Contracts.IAppLogger&gt;)&#xD;
   at Tests.Application.SharedHelpers.MockLogger.ConfigurarMockRecursivo(Moq.Mock`1&lt;Application.Contracts.IAppLogger&gt;)&#xD;
   at Tests.Application.SharedHelpers.MockLogger.ConfigurarMockRecursivo(Moq.Mock`1&lt;Application.Contracts.IAppLogger&gt;)&#xD;
   at Tests.Application.SharedHelpers.MockLogger.ConfigurarMockRecursivo(Moq.Mock`1&lt;Application.Contracts.IAppLogger&gt;)&#xD;
   at Tests.Application.SharedHelpers.MockLogger.ConfigurarMockRecursivo(Moq.Mock`1&lt;Application.Contracts.IAppLogger&gt;)&#xD;
   at Tests.Application.SharedHelpers.MockLogger.ConfigurarMockRecursivo(Moq.Mock`1&lt;Application.Contracts.IAppLogger&gt;)&#xD;
   at Tests.Application.SharedHelpers.MockLogger.ConfigurarMockRecursivo(Moq.Mock`1&lt;Application.Contracts.IAppLogger&gt;)&#xD;
   at Tests.Application.SharedHelpers.MockLogger.ConfigurarMockRecursivo(Moq.Mock`1&lt;Application.Contracts.IAppLogger&gt;)&#xD;
   at Tests.Application.SharedHelpers.MockLogger.ConfigurarMockRecursivo(Moq.Mock`1&lt;Application.Contracts.IAppLogger&gt;)&#xD;
   at Tests.Application.SharedHelpers.MockLogger.ConfigurarMockRecursivo(Moq.Mock`1&lt;Application.Contracts.IAppLogger&gt;)&#xD;
   at Tests.Application.SharedHelpers.MockLogger.ConfigurarMockRecursivo(Moq.Mock`1&lt;Application.Contracts.IAppLogger&gt;)&#xD;
   at Tests.Application.SharedHelpers.MockLogger.ConfigurarMockRecursivo(Moq.Mock`1&lt;Application.Contracts.IAppLogger&gt;)&#xD;
   at Tests.Application.SharedHelpers.MockLogger.ConfigurarMockRecursivo(Moq.Mock`1&lt;Application.Contracts.IAppLogger&gt;)&#xD;
   at Tests.Application.SharedHelpers.MockLogger.ConfigurarMockRecursivo(Moq.Mock`1&lt;Application.Contracts.IAppLogger&gt;)&#xD;
   at Tests.Application.SharedHelpers.MockLogger.ConfigurarMockRecursivo(Moq.Mock`1&lt;Application.Contracts.IAppLogger&gt;)&#xD;
   at Tests.Application.SharedHelpers.MockLogger.ConfigurarMockRecursivo(Moq.Mock`1&lt;Application.Contracts.IAppLogger&gt;)&#xD;
   at Tests.Application.SharedHelpers.MockLogger.ConfigurarMockRecursivo(Moq.Mock`1&lt;Application.Contracts.IAppLogger&gt;)&#xD;
   at Tests.Application.SharedHelpers.MockLogger.ConfigurarMockRecursivo(Moq.Mock`1&lt;Application.Contracts.IAppLogger&gt;)&#xD;
   at Tests.Application.SharedHelpers.MockLogger.ConfigurarMockRecursivo(Moq.Mock`1&lt;Application.Contracts.IAppLogger&gt;)&#xD;
   at Tests.Application.SharedHelpers.MockLogger.ConfigurarMockRecursivo(Moq.Mock`1&lt;Application.Contracts.IAppLogger&gt;)&#xD;
   at Tests.Application.SharedHelpers.MockLogger.ConfigurarMockRecursivo(Moq.Mock`1&lt;Application.Contracts.IAppLogger&gt;)&#xD;
   at Tests.Application.SharedHelpers.MockLogger.ConfigurarMockRecursivo(Moq.Mock`1&lt;Application.Contracts.IAppLogger&gt;)&#xD;
   at Tests.Application.SharedHelpers.MockLogger.ConfigurarMockRecursivo(Moq.Mock`1&lt;Application.Contracts.IAppLogger&gt;)&#xD;
   at Tests.Application.SharedHelpers.MockLogger.ConfigurarMockRecursivo(Moq.Mock`1&lt;Application.Contracts.IAppLogger&gt;)&#xD;
   at Tests.Application.SharedHelpers.MockLogger.ConfigurarMockRecursivo(Moq.Mock`1&lt;Application.Contracts.IAppLogger&gt;)&#xD;
   at Tests.Application.SharedHelpers.MockLogger.ConfigurarMockRecursivo(Moq.Mock`1&lt;Application.Contracts.IAppLogger&gt;)&#xD;
   at Tests.Application.SharedHelpers.MockLogger.ConfigurarMockRecursivo(Moq.Mock`1&lt;Application.Contracts.IAppLogger&gt;)&#xD;
   at Tests.Application.SharedHelpers.MockLogger.ConfigurarMockRecursivo(Moq.Mock`1&lt;Application.Contracts.IAppLogger&gt;)&#xD;
   at Tests.Application.SharedHelpers.MockLogger.ConfigurarMockRecursivo(Moq.Mock`1&lt;Application.Contracts.IAppLogger&gt;)&#xD;
   at Tests.Application.SharedHelpers.MockLogger.ConfigurarMockRecursivo(Moq.Mock`1&lt;Application.Contracts.IAppLogger&gt;)&#xD;
   at Tests.Application.SharedHelpers.MockLogger.ConfigurarMockRecursivo(Moq.Mock`1&lt;Application.Contracts.IAppLogger&gt;)&#xD;
   at Tests.Application.SharedHelpers.MockLogger.ConfigurarMockRecursivo(Moq.Mock`1&lt;Application.Contracts.IAppLogger&gt;)&#xD;
   at Tests.Application.SharedHelpers.MockLogger.ConfigurarMockRecursivo(Moq.Mock`1&lt;Application.Contracts.IAppLogger&gt;)&#xD;
   at Tests.Application.SharedHelpers.MockLogger.ConfigurarMockRecursivo(Moq.Mock`1&lt;Application.Contracts.IAppLogger&gt;)&#xD;
   at Tests.Application.SharedHelpers.MockLogger.ConfigurarMockRecursivo(Moq.Mock`1&lt;Application.Contracts.IAppLogger&gt;)&#xD;
   at Tests.Application.SharedHelpers.MockLogger.ConfigurarMockRecursivo(Moq.Mock`1&lt;Application.Contracts.IAppLogger&gt;)&#xD;
   at Tests.Application.SharedHelpers.MockLogger.ConfigurarMockRecursivo(Moq.Mock`1&lt;Application.Contracts.IAppLogger&gt;)&#xD;
   at Tests.Application.SharedHelpers.MockLogger.ConfigurarMockRecursivo(Moq.Mock`1&lt;Application.Contracts.IAppLogger&gt;)&#xD;
   at Tests.Application.SharedHelpers.MockLogger.ConfigurarMockRecursivo(Moq.Mock`1&lt;Application.Contracts.IAppLogger&gt;)&#xD;
   at Tests.Application.SharedHelpers.MockLogger.ConfigurarMockRecursivo(Moq.Mock`1&lt;Application.Contracts.IAppLogger&gt;)&#xD;
   at Tests.Application.SharedHelpers.MockLogger.ConfigurarMockRecursivo(Moq.Mock`1&lt;Application.Contracts.IAppLogger&gt;)&#xD;
   at Tests.Application.SharedHelpers.MockLogger.ConfigurarMockRecursivo(Moq.Mock`1&lt;Application.Contracts.IAppLogger&gt;)&#xD;
   at Tests.Application.SharedHelpers.MockLogger.ConfigurarMockRecursivo(Moq.Mock`1&lt;Application.Contracts.IAppLogger&gt;)&#xD;
   at Tests.Application.SharedHelpers.MockLogger.ConfigurarMockRecursivo(Moq.Mock`1&lt;Application.Contracts.IAppLogger&gt;)&#xD;
   at Tests.Application.SharedHelpers.MockLogger.ConfigurarMockRecursivo(Moq.Mock`1&lt;Application.Contracts.IAppLogger&gt;)&#xD;
   at Tests.Application.SharedHelpers.MockLogger.ConfigurarMockRecursivo(Moq.Mock`1&lt;Application.Contracts.IAppLogger&gt;)&#xD;
   at Tests.Application.SharedHelpers.MockLogger.ConfigurarMockRecursivo(Moq.Mock`1&lt;Application.Contracts.IAppLogger&gt;)&#xD;
   at Tests.Application.SharedHelpers.MockLogger.ConfigurarMockRecursivo(Moq.Mock`1&lt;Application.Contracts.IAppLogger&gt;)&#xD;
   at Tests.Application.SharedHelpers.MockLogger.ConfigurarMockRecursivo(Moq.Mock`1&lt;Application.Contracts.IAppLogger&gt;)&#xD;
   at Tests.Application.SharedHelpers.MockLogger.ConfigurarMockRecursivo(Moq.Mock`1&lt;Application.Contracts.IAppLogger&gt;)&#xD;
   at Tests.Application.SharedHelpers.MockLogger.ConfigurarMockRecursivo(Moq.Mock`1&lt;Application.Contracts.IAppLogger&gt;)&#xD;
   at Tests.Application.SharedHelpers.MockLogger.ConfigurarMockRecursivo(Moq.Mock`1&lt;Application.Contracts.IAppLogger&gt;)&#xD;
   at Tests.Application.SharedHelpers.MockLogger.ConfigurarMockRecursivo(Moq.Mock`1&lt;Application.Contracts.IAppLogger&gt;)&#xD;
   at Tests.Application.SharedHelpers.MockLogger.ConfigurarMockRecursivo(Moq.Mock`1&lt;Application.Contracts.IAppLogger&gt;)&#xD;
   at Tests.Application.SharedHelpers.MockLogger.ConfigurarMockRecursivo(Moq.Mock`1&lt;Application.Contracts.IAppLogger&gt;)&#xD;
   at Tests.Application.SharedHelpers.MockLogger.ConfigurarMockRecursivo(Moq.Mock`1&lt;Application.Contracts.IAppLogger&gt;)&#xD;
   at Tests.Application.SharedHelpers.MockLogger.ConfigurarMockRecursivo(Moq.Mock`1&lt;Application.Contracts.IAppLogger&gt;)&#xD;
   at Tests.Application.SharedHelpers.MockLogger.ConfigurarMockRecursivo(Moq.Mock`1&lt;Application.Contracts.IAppLogger&gt;)&#xD;
   at Tests.Application.SharedHelpers.MockLogger.ConfigurarMockRecursivo(Moq.Mock`1&lt;Application.Contracts.IAppLogger&gt;)&#xD;
   at Tests.Application.SharedHelpers.MockLogger.ConfigurarMockRecursivo(Moq.Mock`1&lt;Application.Contracts.IAppLogger&gt;)&#xD;
   at Tests.Application.SharedHelpers.MockLogger.ConfigurarMockRecursivo(Moq.Mock`1&lt;Application.Contracts.IAppLogger&gt;)&#xD;
   at Tests.Application.SharedHelpers.MockLogger.ConfigurarMockRecursivo(Moq.Mock`1&lt;Application.Contracts.IAppLogger&gt;)&#xD;
   at Tests.Application.SharedHelpers.MockLogger.ConfigurarMockRecursivo(Moq.Mock`1&lt;Application.Contracts.IAppLogger&gt;)&#xD;
   at Tests.Application.SharedHelpers.MockLogger.ConfigurarMockRecursivo(Moq.Mock`1&lt;Application.Contracts.IAppLogger&gt;)&#xD;
   at Tests.Application.SharedHelpers.MockLogger.ConfigurarMockRecursivo(Moq.Mock`1&lt;Application.Contracts.IAppLogger&gt;)&#xD;
   at Tests.Application.SharedHelpers.MockLogger.ConfigurarMockRecursivo(Moq.Mock`1&lt;Application.Contracts.IAppLogger&gt;)&#xD;
   at Tests.Application.SharedHelpers.MockLogger.ConfigurarMockRecursivo(Moq.Mock`1&lt;Application.Contracts.IAppLogger&gt;)&#xD;
   at Tests.Application.SharedHelpers.MockLogger.ConfigurarMockRecursivo(Moq.Mock`1&lt;Application.Contracts.IAppLogger&gt;)&#xD;
   at Tests.Application.SharedHelpers.MockLogger.ConfigurarMockRecursivo(Moq.Mock`1&lt;Application.Contracts.IAppLogger&gt;)&#xD;
   at Tests.Application.SharedHelpers.MockLogger.ConfigurarMockRecursivo(Moq.Mock`1&lt;Application.Contracts.IAppLogger&gt;)&#xD;
   at Tests.Application.SharedHelpers.MockLogger.ConfigurarMockRecursivo(Moq.Mock`1&lt;Application.Contracts.IAppLogger&gt;)&#xD;
   at Tests.Application.SharedHelpers.MockLogger.ConfigurarMockRecursivo(Moq.Mock`1&lt;Application.Contracts.IAppLogger&gt;)&#xD;
   at Tests.Application.SharedHelpers.MockLogger.ConfigurarMockRecursivo(Moq.Mock`1&lt;Application.Contracts.IAppLogger&gt;)&#xD;
   at Tests.Application.SharedHelpers.MockLogger.ConfigurarMockRecursivo(Moq.Mock`1&lt;Application.Contracts.IAppLogger&gt;)&#xD;
   at Tests.Application.SharedHelpers.MockLogger.ConfigurarMockRecursivo(Moq.Mock`1&lt;Application.Contracts.IAppLogger&gt;)&#xD;
   at Tests.Application.SharedHelpers.MockLogger.ConfigurarMockRecursivo(Moq.Mock`1&lt;Application.Contracts.IAppLogger&gt;)&#xD;
   at Tests.Application.SharedHelpers.MockLogger.ConfigurarMockRecursivo(Moq.Mock`1&lt;Application.Contracts.IAppLogger&gt;)&#xD;
   at Tests.Application.SharedHelpers.MockLogger.ConfigurarMockRecursivo(Moq.Mock`1&lt;Application.Contracts.IAppLogger&gt;)&#xD;
   at Tests.Application.SharedHelpers.MockLogger.ConfigurarMockRecursivo(Moq.Mock`1&lt;Application.Contracts.IAppLogger&gt;)&#xD;
   at Tests.Application.SharedHelpers.MockLogger.ConfigurarMockRecursivo(Moq.Mock`1&lt;Application.Contracts.IAppLogger&gt;)&#xD;
   at Tests.Application.SharedHelpers.MockLogger.ConfigurarMockRecursivo(Moq.Mock`1&lt;Application.Contracts.IAppLogger&gt;)&#xD;
   at Tests.Application.SharedHelpers.MockLogger.ConfigurarMockRecursivo(Moq.Mock`1&lt;Application.Contracts.IAppLogger&gt;)&#xD;
   at Tests.Application.SharedHelpers.MockLogger.ConfigurarMockRecursivo(Moq.Mock`1&lt;Application.Contracts.IAppLogger&gt;)&#xD;
   at Tests.Application.SharedHelpers.MockLogger.ConfigurarMockRecursivo(Moq.Mock`1&lt;Application.Contracts.IAppLogger&gt;)&#xD;
   at Tests.Application.SharedHelpers.MockLogger.ConfigurarMockRecursivo(Moq.Mock`1&lt;Application.Contracts.IAppLogger&gt;)&#xD;
   at Tests.Application.SharedHelpers.MockLogger.ConfigurarMockRecursivo(Moq.Mock`1&lt;Application.Contracts.IAppLogger&gt;)&#xD;
   at Tests.Application.SharedHelpers.MockLogger.ConfigurarMockRecursivo(Moq.Mock`1&lt;Application.Contracts.IAppLogger&gt;)&#xD;
   at Tests.Application.SharedHelpers.MockLogger.ConfigurarMockRecursivo(Moq.Mock`1&lt;Application.Contracts.IAppLogger&gt;)&#xD;
   at Tests.Application.SharedHelpers.MockLogger.ConfigurarMockRecursivo(Moq.Mock`1&lt;Application.Contracts.IAppLogger&gt;)&#xD;
   at Tests.Application.SharedHelpers.MockLogger.ConfigurarMockRecursivo(Moq.Mock`1&lt;Application.Contracts.IAppLogger&gt;)&#xD;
   at Tests.Application.SharedHelpers.MockLogger.ConfigurarMockRecursivo(Moq.Mock`1&lt;Application.Contracts.IAppLogger&gt;)&#xD;
   at Tests.Application.SharedHelpers.MockLogger.ConfigurarMockRecursivo(Moq.Mock`1&lt;Application.Contracts.IAppLogger&gt;)&#xD;
   at Tests.Application.SharedHelpers.MockLogger.ConfigurarMockRecursivo(Moq.Mock`1&lt;Application.Contracts.IAppLogger&gt;)&#xD;
   at Tests.Application.SharedHelpers.MockLogger.ConfigurarMockRecursivo(Moq.Mock`1&lt;Application.Contracts.IAppLogger&gt;)&#xD;
   at Tests.Application.SharedHelpers.MockLogger.ConfigurarMockRecursivo(Moq.Mock`1&lt;Application.Contracts.IAppLogger&gt;)&#xD;
   at Tests.Application.SharedHelpers.MockLogger.ConfigurarMockRecursivo(Moq.Mock`1&lt;Application.Contracts.IAppLogger&gt;)&#xD;
   at Tests.Application.SharedHelpers.MockLogger.ConfigurarMockRecursivo(Moq.Mock`1&lt;Application.Contracts.IAppLogger&gt;)&#xD;
   at Tests.Application.SharedHelpers.MockLogger.ConfigurarMockRecursivo(Moq.Mock`1&lt;Application.Contracts.IAppLogger&gt;)&#xD;
   at Tests.Application.SharedHelpers.MockLogger.ConfigurarMockRecursivo(Moq.Mock`1&lt;Application.Contracts.IAppLogger&gt;)&#xD;
   at Tests.Application.SharedHelpers.MockLogger.ConfigurarMockRecursivo(Moq.Mock`1&lt;Application.Contracts.IAppLogger&gt;)&#xD;
   at Tests.Application.SharedHelpers.MockLogger.ConfigurarMockRecursivo(Moq.Mock`1&lt;Application.Contracts.IAppLogger&gt;)&#xD;
   at Tests.Application.SharedHelpers.MockLogger.ConfigurarMockRecursivo(Moq.Mock`1&lt;Application.Contracts.IAppLogger&gt;)&#xD;
   at Tests.Application.SharedHelpers.MockLogger.ConfigurarMockRecursivo(Moq.Mock`1&lt;Application.Contracts.IAppLogger&gt;)&#xD;
   at Tests.Application.SharedHelpers.MockLogger.ConfigurarMockRecursivo(Moq.Mock`1&lt;Application.Contracts.IAppLogger&gt;)&#xD;
   at Tests.Application.SharedHelpers.MockLogger.ConfigurarMockRecursivo(Moq.Mock`1&lt;Application.Contracts.IAppLogger&gt;)&#xD;
   at Tests.Application.SharedHelpers.MockLogger.ConfigurarMockRecursivo(Moq.Mock`1&lt;Application.Contracts.IAppLogger&gt;)&#xD;
   at Tests.Application.SharedHelpers.MockLogger.ConfigurarMockRecursivo(Moq.Mock`1&lt;Application.Contracts.IAppLogger&gt;)&#xD;
   at Tests.Application.SharedHelpers.MockLogger.ConfigurarMockRecursivo(Moq.Mock`1&lt;Application.Contracts.IAppLogger&gt;)&#xD;
   at Tests.Application.SharedHelpers.MockLogger.ConfigurarMockRecursivo(Moq.Mock`1&lt;Application.Contracts.IAppLogger&gt;)&#xD;
   at Tests.Application.SharedHelpers.MockLogger.ConfigurarMockRecursivo(Moq.Mock`1&lt;Application.Contracts.IAppLogger&gt;)&#xD;
   at Tests.Application.SharedHelpers.MockLogger.ConfigurarMockRecursivo(Moq.Mock`1&lt;Application.Contracts.IAppLogger&gt;)&#xD;
   at Tests.Application.SharedHelpers.MockLogger.ConfigurarMockRecursivo(Moq.Mock`1&lt;Application.Contracts.IAppLogger&gt;)&#xD;
   at Tests.Application.SharedHelpers.MockLogger.ConfigurarMockRecursivo(Moq.Mock`1&lt;Application.Contracts.IAppLogger&gt;)&#xD;
   at Tests.Application.SharedHelpers.MockLogger.ConfigurarMockRecursivo(Moq.Mock`1&lt;Application.Contracts.IAppLogger&gt;)&#xD;
   at Tests.Application.SharedHelpers.MockLogger.ConfigurarMockRecursivo(Moq.Mock`1&lt;Application.Contracts.IAppLogger&gt;)&#xD;
   at Tests.Application.SharedHelpers.MockLogger.ConfigurarMockRecursivo(Moq.Mock`1&lt;Application.Contracts.IAppLogger&gt;)&#xD;
   at Tests.Application.SharedHelpers.MockLogger.ConfigurarMockRecursivo(Moq.Mock`1&lt;Application.Contracts.IAppLogger&gt;)&#xD;
   at Tests.Application.SharedHelpers.MockLogger.ConfigurarMockRecursivo(Moq.Mock`1&lt;Application.Contracts.IAppLogger&gt;)&#xD;
   at Tests.Application.SharedHelpers.MockLogger.ConfigurarMockRecursivo(Moq.Mock`1&lt;Application.Contracts.IAppLogger&gt;)&#xD;
   at Tests.Application.SharedHelpers.MockLogger.ConfigurarMockRecursivo(Moq.Mock`1&lt;Application.Contracts.IAppLogger&gt;)&#xD;
   at Tests.Application.SharedHelpers.MockLogger.ConfigurarMockRecursivo(Moq.Mock`1&lt;Application.Contracts.IAppLogger&gt;)&#xD;
   at Tests.Application.SharedHelpers.MockLogger.ConfigurarMockRecursivo(Moq.Mock`1&lt;Application.Contracts.IAppLogger&gt;)&#xD;
   at Tests.Application.SharedHelpers.MockLogger.ConfigurarMockRecursivo(Moq.Mock`1&lt;Application.Contracts.IAppLogger&gt;)&#xD;
   at Tests.Application.SharedHelpers.MockLogger.ConfigurarMockRecursivo(Moq.Mock`1&lt;Application.Contracts.IAppLogger&gt;)&#xD;
   at Tests.Application.SharedHelpers.MockLogger.ConfigurarMockRecursivo(Moq.Mock`1&lt;Application.Contracts.IAppLogger&gt;)&#xD;
   at Tests.Application.SharedHelpers.MockLogger.ConfigurarMockRecursivo(Moq.Mock`1&lt;Application.Contracts.IAppLogger&gt;)&#xD;
   at Tests.Application.SharedHelpers.MockLogger.ConfigurarMockRecursivo(Moq.Mock`1&lt;Application.Contracts.IAppLogger&gt;)&#xD;
   at Tests.Application.SharedHelpers.MockLogger.ConfigurarMockRecursivo(Moq.Mock`1&lt;Application.Contracts.IAppLogger&gt;)&#xD;
   at Tests.Application.SharedHelpers.MockLogger.ConfigurarMockRecursivo(Moq.Mock`1&lt;Application.Contracts.IAppLogger&gt;)&#xD;
   at Tests.Application.SharedHelpers.MockLogger.ConfigurarMockRecursivo(Moq.Mock`1&lt;Application.Contracts.IAppLogger&gt;)&#xD;
   at Tests.Application.SharedHelpers.MockLogger.ConfigurarMockRecursivo(Moq.Mock`1&lt;Application.Contracts.IAppLogger&gt;)&#xD;
   at Tests.Application.SharedHelpers.MockLogger.ConfigurarMockRecursivo(Moq.Mock`1&lt;Application.Contracts.IAppLogger&gt;)&#xD;
   at Tests.Application.SharedHelpers.MockLogger.ConfigurarMockRecursivo(Moq.Mock`1&lt;Application.Contracts.IAppLogger&gt;)&#xD;
   at Tests.Application.SharedHelpers.MockLogger.ConfigurarMockRecursivo(Moq.Mock`1&lt;Application.Contracts.IAppLogger&gt;)&#xD;
   at Tests.Application.SharedHelpers.MockLogger.ConfigurarMockRecursivo(Moq.Mock`1&lt;Application.Contracts.IAppLogger&gt;)&#xD;
   at Tests.Application.SharedHelpers.MockLogger.ConfigurarMockRecursivo(Moq.Mock`1&lt;Application.Contracts.IAppLogger&gt;)&#xD;
   at Tests.Application.SharedHelpers.MockLogger.ConfigurarMockRecursivo(Moq.Mock`1&lt;Application.Contracts.IAppLogger&gt;)&#xD;
   at Tests.Application.SharedHelpers.MockLogger.ConfigurarMockRecursivo(Moq.Mock`1&lt;Application.Contracts.IAppLogger&gt;)&#xD;
   at Tests.Application.SharedHelpers.MockLogger.ConfigurarMockRecursivo(Moq.Mock`1&lt;Application.Contracts.IAppLogger&gt;)&#xD;
   at Tests.Application.SharedHelpers.MockLogger.ConfigurarMockRecursivo(Moq.Mock`1&lt;Application.Contracts.IAppLogger&gt;)&#xD;
   at Tests.Application.SharedHelpers.MockLogger.ConfigurarMockRecursivo(Moq.Mock`1&lt;Application.Contracts.IAppLogger&gt;)&#xD;
   at Tests.Application.SharedHelpers.MockLogger.ConfigurarMockRecursivo(Moq.Mock`1&lt;Application.Contracts.IAppLogger&gt;)&#xD;
   at Tests.Application.SharedHelpers.MockLogger.ConfigurarMockRecursivo(Moq.Mock`1&lt;Application.Contracts.IAppLogger&gt;)&#xD;
   at Tests.Application.SharedHelpers.MockLogger.ConfigurarMockRecursivo(Moq.Mock`1&lt;Application.Contracts.IAppLogger&gt;)&#xD;
   at Tests.Application.SharedHelpers.MockLogger.ConfigurarMockRecursivo(Moq.Mock`1&lt;Application.Contracts.IAppLogger&gt;)&#xD;
   at Tests.Application.SharedHelpers.MockLogger.ConfigurarMockRecursivo(Moq.Mock`1&lt;Application.Contracts.IAppLogger&gt;)&#xD;
   at Tests.Application.SharedHelpers.MockLogger.ConfigurarMockRecursivo(Moq.Mock`1&lt;Application.Contracts.IAppLogger&gt;)&#xD;
   at Tests.Application.SharedHelpers.MockLogger.ConfigurarMockRecursivo(Moq.Mock`1&lt;Application.Contracts.IAppLogger&gt;)&#xD;
   at Tests.Application.SharedHelpers.MockLogger.ConfigurarMockRecursivo(Moq.Mock`1&lt;Application.Contracts.IAppLogger&gt;)&#xD;
   at Tests.Application.SharedHelpers.MockLogger.ConfigurarMockRecursivo(Moq.Mock`1&lt;Application.Contracts.IAppLogger&gt;)&#xD;
   at Tests.Application.SharedHelpers.MockLogger.ConfigurarMockRecursivo(Moq.Mock`1&lt;Application.Contracts.IAppLogger&gt;)&#xD;
   at Tests.Application.SharedHelpers.MockLogger.ConfigurarMockRecursivo(Moq.Mock`1&lt;Application.Contracts.IAppLogger&gt;)&#xD;
   at Tests.Application.SharedHelpers.MockLogger.ConfigurarMockRecursivo(Moq.Mock`1&lt;Application.Contracts.IAppLogger&gt;)&#xD;
   at Tests.Application.SharedHelpers.MockLogger.ConfigurarMockRecursivo(Moq.Mock`1&lt;Application.Contracts.IAppLogger&gt;)&#xD;
   at Tests.Application.SharedHelpers.MockLogger.ConfigurarMockRecursivo(Moq.Mock`1&lt;Application.Contracts.IAppLogger&gt;)&#xD;
   at Tests.Application.SharedHelpers.MockLogger.ConfigurarMockRecursivo(Moq.Mock`1&lt;Application.Contracts.IAppLogger&gt;)&#xD;
   at Tests.Application.SharedHelpers.MockLogger.ConfigurarMockRecursivo(Moq.Mock`1&lt;Application.Contracts.IAppLogger&gt;)&#xD;
   at Tests.Application.SharedHelpers.MockLogger.ConfigurarMockRecursivo(Moq.Mock`1&lt;Application.Contracts.IAppLogger&gt;)&#xD;
   at Tests.Application.SharedHelpers.MockLogger.ConfigurarMockRecursivo(Moq.Mock`1&lt;Application.Contracts.IAppLogger&gt;)&#xD;
   at Tests.Application.SharedHelpers.MockLogger.ConfigurarMockRecursivo(Moq.Mock`1&lt;Application.Contracts.IAppLogger&gt;)&#xD;
   at Tests.Application.SharedHelpers.MockLogger.ConfigurarMockRecursivo(Moq.Mock`1&lt;Application.Contracts.IAppLogger&gt;)&#xD;
   at Tests.Application.SharedHelpers.MockLogger.ConfigurarMockRecursivo(Moq.Mock`1&lt;Application.Contracts.IAppLogger&gt;)&#xD;
   at Tests.Application.SharedHelpers.MockLogger.ConfigurarMockRecursivo(Moq.Mock`1&lt;Application.Contracts.IAppLogger&gt;)&#xD;
   at Tests.Application.SharedHelpers.MockLogger.ConfigurarMockRecursivo(Moq.Mock`1&lt;Application.Contracts.IAppLogger&gt;)&#xD;
   at Tests.Application.SharedHelpers.MockLogger.ConfigurarMockRecursivo(Moq.Mock`1&lt;Application.Contracts.IAppLogger&gt;)&#xD;
   at Tests.Application.SharedHelpers.MockLogger.ConfigurarMockRecursivo(Moq.Mock`1&lt;Application.Contracts.IAppLogger&gt;)&#xD;
   at Tests.Application.SharedHelpers.MockLogger.ConfigurarMockRecursivo(Moq.Mock`1&lt;Application.Contracts.IAppLogger&gt;)&#xD;
   at Tests.Application.SharedHelpers.MockLogger.ConfigurarMockRecursivo(Moq.Mock`1&lt;Application.Contracts.IAppLogger&gt;)&#xD;
   at Tests.Application.SharedHelpers.MockLogger.ConfigurarMockRecursivo(Moq.Mock`1&lt;Application.Contracts.IAppLogger&gt;)&#xD;
   at Tests.Application.SharedHelpers.MockLogger.ConfigurarMockRecursivo(Moq.Mock`1&lt;Application.Contracts.IAppLogger&gt;)&#xD;
   at Tests.Application.SharedHelpers.MockLogger.ConfigurarMockRecursivo(Moq.Mock`1&lt;Application.Contracts.IAppLogger&gt;)&#xD;
   at Tests.Application.SharedHelpers.MockLogger.ConfigurarMockRecursivo(Moq.Mock`1&lt;Application.Contracts.IAppLogger&gt;)&#xD;
   at Tests.Application.SharedHelpers.MockLogger.ConfigurarMockRecursivo(Moq.Mock`1&lt;Application.Contracts.IAppLogger&gt;)&#xD;
   at Tests.Application.SharedHelpers.MockLogger.ConfigurarMockRecursivo(Moq.Mock`1&lt;Application.Contracts.IAppLogger&gt;)&#xD;
   at Tests.Application.SharedHelpers.MockLogger.ConfigurarMockRecursivo(Moq.Mock`1&lt;Application.Contracts.IAppLogger&gt;)&#xD;
   at Tests.Application.SharedHelpers.MockLogger.ConfigurarMockRecursivo(Moq.Mock`1&lt;Application.Contracts.IAppLogger&gt;)&#xD;
   at Tests.Application.SharedHelpers.MockLogger.ConfigurarMockRecursivo(Moq.Mock`1&lt;Application.Contracts.IAppLogger&gt;)&#xD;
   at Tests.Application.SharedHelpers.MockLogger.ConfigurarMockRecursivo(Moq.Mock`1&lt;Application.Contracts.IAppLogger&gt;)&#xD;
   at Tests.Application.SharedHelpers.MockLogger.ConfigurarMockRecursivo(Moq.Mock`1&lt;Application.Contracts.IAppLogger&gt;)&#xD;
   at Tests.Application.SharedHelpers.MockLogger.ConfigurarMockRecursivo(Moq.Mock`1&lt;Application.Contracts.IAppLogger&gt;)&#xD;
   at Tests.Application.SharedHelpers.MockLogger.ConfigurarMockRecursivo(Moq.Mock`1&lt;Application.Contracts.IAppLogger&gt;)&#xD;
   at Tests.Application.SharedHelpers.MockLogger.ConfigurarMockRecursivo(Moq.Mock`1&lt;Application.Contracts.IAppLogger&gt;)&#xD;
   at Tests.Application.SharedHelpers.MockLogger.ConfigurarMockRecursivo(Moq.Mock`1&lt;Application.Contracts.IAppLogger&gt;)&#xD;
   at Tests.Application.SharedHelpers.MockLogger.ConfigurarMockRecursivo(Moq.Mock`1&lt;Application.Contracts.IAppLogger&gt;)&#xD;
   at Tests.Application.SharedHelpers.MockLogger.ConfigurarMockRecursivo(Moq.Mock`1&lt;Application.Contracts.IAppLogger&gt;)&#xD;
   at Tests.Application.SharedHelpers.MockLogger.ConfigurarMockRecursivo(Moq.Mock`1&lt;Application.Contracts.IAppLogger&gt;)&#xD;
   at Tests.Application.SharedHelpers.MockLogger.ConfigurarMockRecursivo(Moq.Mock`1&lt;Application.Contracts.IAppLogger&gt;)&#xD;
   at Tests.Application.SharedHelpers.MockLogger.ConfigurarMockRecursivo(Moq.Mock`1&lt;Application.Contracts.IAppLogger&gt;)&#xD;
   at Tests.Application.SharedHelpers.MockLogger.ConfigurarMockRecursivo(Moq.Mock`1&lt;Application.Contracts.IAppLogger&gt;)&#xD;
   at Tests.Application.SharedHelpers.MockLogger.ConfigurarMockRecursivo(Moq.Mock`1&lt;Application.Contracts.IAppLogger&gt;)&#xD;
   at Tests.Application.SharedHelpers.MockLogger.ConfigurarMockRecursivo(Moq.Mock`1&lt;Application.Contracts.IAppLogger&gt;)&#xD;
   at Tests.Application.SharedHelpers.MockLogger.ConfigurarMockRecursivo(Moq.Mock`1&lt;Application.Contracts.IAppLogger&gt;)&#xD;
   at Tests.Application.SharedHelpers.MockLogger.ConfigurarMockRecursivo(Moq.Mock`1&lt;Application.Contracts.IAppLogger&gt;)&#xD;
   at Tests.Application.SharedHelpers.MockLogger.ConfigurarMockRecursivo(Moq.Mock`1&lt;Application.Contracts.IAppLogger&gt;)&#xD;
   at Tests.Application.SharedHelpers.MockLogger.ConfigurarMockRecursivo(Moq.Mock`1&lt;Application.Contracts.IAppLogger&gt;)&#xD;
   at Tests.Application.SharedHelpers.MockLogger.ConfigurarMockRecursivo(Moq.Mock`1&lt;Application.Contracts.IAppLogger&gt;)&#xD;
   at Tests.Application.SharedHelpers.MockLogger.ConfigurarMockRecursivo(Moq.Mock`1&lt;Application.Contracts.IAppLogger&gt;)&#xD;
   at Tests.Application.SharedHelpers.MockLogger.ConfigurarMockRecursivo(Moq.Mock`1&lt;Application.Contracts.IAppLogger&gt;)&#xD;
   at Tests.Application.SharedHelpers.MockLogger.ConfigurarMockRecursivo(Moq.Mock`1&lt;Application.Contracts.IAppLogger&gt;)&#xD;
   at Tests.Application.SharedHelpers.MockLogger.ConfigurarMockRecursivo(Moq.Mock`1&lt;Application.Contracts.IAppLogger&gt;)&#xD;
   at Tests.Application.SharedHelpers.MockLogger.ConfigurarMockRecursivo(Moq.Mock`1&lt;Application.Contracts.IAppLogger&gt;)&#xD;
   at Tests.Application.SharedHelpers.MockLogger.ConfigurarMockRecursivo(Moq.Mock`1&lt;Application.Contracts.IAppLogger&gt;)&#xD;
   at Tests.Application.SharedHelpers.MockLogger.ConfigurarMockRecursivo(Moq.Mock`1&lt;Application.Contracts.IAppLogger&gt;)&#xD;
   at Tests.Application.SharedHelpers.MockLogger.ConfigurarMockRecursivo(Moq.Mock`1&lt;Application.Contracts.IAppLogger&gt;)&#xD;
   at Tests.Application.SharedHelpers.MockLogger.ConfigurarMockRecursivo(Moq.Mock`1&lt;Application.Contracts.IAppLogger&gt;)&#xD;
   at Tests.Application.SharedHelpers.MockLogger.ConfigurarMockRecursivo(Moq.Mock`1&lt;Application.Contracts.IAppLogger&gt;)&#xD;
   at Tests.Application.SharedHelpers.MockLogger.ConfigurarMockRecursivo(Moq.Mock`1&lt;Application.Contracts.IAppLogger&gt;)&#xD;
   at Tests.Application.SharedHelpers.MockLogger.ConfigurarMockRecursivo(Moq.Mock`1&lt;Application.Contracts.IAppLogger&gt;)&#xD;
   at Tests.Application.SharedHelpers.MockLogger.ConfigurarMockRecursivo(Moq.Mock`1&lt;Application.Contracts.IAppLogger&gt;)&#xD;
   at Tests.Application.SharedHelpers.MockLogger.ConfigurarMockRecursivo(Moq.Mock`1&lt;Application.Contracts.IAppLogger&gt;)&#xD;
   at Tests.Application.SharedHelpers.MockLogger.ConfigurarMockRecursivo(Moq.Mock`1&lt;Application.Contracts.IAppLogger&gt;)&#xD;
   at Tests.Application.SharedHelpers.MockLogger.ConfigurarMockRecursivo(Moq.Mock`1&lt;Application.Contracts.IAppLogger&gt;)&#xD;
   at Tests.Application.SharedHelpers.MockLogger.ConfigurarMockRecursivo(Moq.Mock`1&lt;Application.Contracts.IAppLogger&gt;)&#xD;
   at Tests.Application.SharedHelpers.MockLogger.ConfigurarMockRecursivo(Moq.Mock`1&lt;Application.Contracts.IAppLogger&gt;)&#xD;
   at Tests.Application.SharedHelpers.MockLogger.ConfigurarMockRecursivo(Moq.Mock`1&lt;Application.Contracts.IAppLogger&gt;)&#xD;
   at Tests.Application.SharedHelpers.MockLogger.ConfigurarMockRecursivo(Moq.Mock`1&lt;Application.Contracts.IAppLogger&gt;)&#xD;
   at Tests.Application.SharedHelpers.MockLogger.ConfigurarMockRecursivo(Moq.Mock`1&lt;Application.Contracts.IAppLogger&gt;)&#xD;
   at Tests.Application.SharedHelpers.MockLogger.ConfigurarMockRecursivo(Moq.Mock`1&lt;Application.Contracts.IAppLogger&gt;)&#xD;
   at Tests.Application.SharedHelpers.MockLogger.ConfigurarMockRecursivo(Moq.Mock`1&lt;Application.Contracts.IAppLogger&gt;)&#xD;
   at Tests.Application.SharedHelpers.MockLogger.ConfigurarMockRecursivo(Moq.Mock`1&lt;Application.Contracts.IAppLogger&gt;)&#xD;
   at Tests.Application.SharedHelpers.MockLogger.ConfigurarMockRecursivo(Moq.Mock`1&lt;Application.Contracts.IAppLogger&gt;)&#xD;
   at Tests.Application.SharedHelpers.MockLogger.ConfigurarMockRecursivo(Moq.Mock`1&lt;Application.Contracts.IAppLogger&gt;)&#xD;
   at Tests.Application.SharedHelpers.MockLogger.ConfigurarMockRecursivo(Moq.Mock`1&lt;Application.Contracts.IAppLogger&gt;)&#xD;
   at Tests.Application.SharedHelpers.MockLogger.ConfigurarMockRecursivo(Moq.Mock`1&lt;Application.Contracts.IAppLogger&gt;)&#xD;
   at Tests.Application.SharedHelpers.MockLogger.ConfigurarMockRecursivo(Moq.Mock`1&lt;Application.Contracts.IAppLogger&gt;)&#xD;
   at Tests.Application.SharedHelpers.MockLogger.ConfigurarMockRecursivo(Moq.Mock`1&lt;Application.Contracts.IAppLogger&gt;)&#xD;
   at Tests.Application.SharedHelpers.MockLogger.ConfigurarMockRecursivo(Moq.Mock`1&lt;Application.Contracts.IAppLogger&gt;)&#xD;
   at Tests.Application.SharedHelpers.MockLogger.ConfigurarMockRecursivo(Moq.Mock`1&lt;Application.Contracts.IAppLogger&gt;)&#xD;
   at Tests.Application.SharedHelpers.MockLogger.ConfigurarMockRecursivo(Moq.Mock`1&lt;Application.Contracts.IAppLogger&gt;)&#xD;
   at Tests.Application.SharedHelpers.MockLogger.ConfigurarMockRecursivo(Moq.Mock`1&lt;Application.Contracts.IAppLogger&gt;)&#xD;
   at Tests.Application.SharedHelpers.MockLogger.ConfigurarMockRecursivo(Moq.Mock`1&lt;Application.Contracts.IAppLogger&gt;)&#xD;
   at Tests.Application.SharedHelpers.MockLogger.ConfigurarMockRecursivo(Moq.Mock`1&lt;Application.Contracts.IAppLogger&gt;)&#xD;
   at Tests.Application.SharedHelpers.MockLogger.ConfigurarMockRecursivo(Moq.Mock`1&lt;Application.Contracts.IAppLogger&gt;)&#xD;
   at Tests.Application.SharedHelpers.MockLogger.ConfigurarMockRecursivo(Moq.Mock`1&lt;Application.Contracts.IAppLogger&gt;)&#xD;
   at Tests.Application.SharedHelpers.MockLogger.ConfigurarMockRecursivo(Moq.Mock`1&lt;Application.Contracts.IAppLogger&gt;)&#xD;
   at Tests.Application.SharedHelpers.MockLogger.ConfigurarMockRecursivo(Moq.Mock`1&lt;Application.Contracts.IAppLogger&gt;)&#xD;
   at Tests.Application.SharedHelpers.MockLogger.ConfigurarMockRecursivo(Moq.Mock`1&lt;Application.Contracts.IAppLogger&gt;)&#xD;
   at Tests.Application.SharedHelpers.MockLogger.ConfigurarMockRecursivo(Moq.Mock`1&lt;Application.Contracts.IAppLogger&gt;)&#xD;
   at Tests.Application.SharedHelpers.MockLogger.ConfigurarMockRecursivo(Moq.Mock`1&lt;Application.Contracts.IAppLogger&gt;)&#xD;
   at Tests.Application.SharedHelpers.MockLogger.ConfigurarMockRecursivo(Moq.Mock`1&lt;Application.Contracts.IAppLogger&gt;)&#xD;
   at Tests.Application.SharedHelpers.MockLogger.ConfigurarMockRecursivo(Moq.Mock`1&lt;Application.Contracts.IAppLogger&gt;)&#xD;
   at Tests.Application.SharedHelpers.MockLogger.ConfigurarMockRecursivo(Moq.Mock`1&lt;Application.Contracts.IAppLogger&gt;)&#xD;
   at Tests.Application.SharedHelpers.MockLogger.ConfigurarMockRecursivo(Moq.Mock`1&lt;Application.Contracts.IAppLogger&gt;)&#xD;
   at Tests.Application.SharedHelpers.MockLogger.ConfigurarMockRecursivo(Moq.Mock`1&lt;Application.Contracts.IAppLogger&gt;)&#xD;
   at Tests.Application.SharedHelpers.MockLogger.ConfigurarMockRecursivo(Moq.Mock`1&lt;Application.Contracts.IAppLogger&gt;)&#xD;
   at Tests.Application.SharedHelpers.MockLogger.ConfigurarMockRecursivo(Moq.Mock`1&lt;Application.Contracts.IAppLogger&gt;)&#xD;
   at Tests.Application.SharedHelpers.MockLogger.ConfigurarMockRecursivo(Moq.Mock`1&lt;Application.Contracts.IAppLogger&gt;)&#xD;
   at Tests.Application.SharedHelpers.MockLogger.ConfigurarMockRecursivo(Moq.Mock`1&lt;Application.Contracts.IAppLogger&gt;)&#xD;
   at Tests.Application.SharedHelpers.MockLogger.ConfigurarMockRecursivo(Moq.Mock`1&lt;Application.Contracts.IAppLogger&gt;)&#xD;
   at Tests.Application.SharedHelpers.MockLogger.ConfigurarMockRecursivo(Moq.Mock`1&lt;Application.Contracts.IAppLogger&gt;)&#xD;
   at Tests.Application.SharedHelpers.MockLogger.ConfigurarMockRecursivo(Moq.Mock`1&lt;Application.Contracts.IAppLogger&gt;)&#xD;
   at Tests.Application.SharedHelpers.MockLogger.ConfigurarMockRecursivo(Moq.Mock`1&lt;Application.Contracts.IAppLogger&gt;)&#xD;
   at Tests.Application.SharedHelpers.MockLogger.ConfigurarMockRecursivo(Moq.Mock`1&lt;Application.Contracts.IAppLogger&gt;)&#xD;
   at Tests.Application.SharedHelpers.MockLogger.ConfigurarMockRecursivo(Moq.Mock`1&lt;Application.Contracts.IAppLogger&gt;)&#xD;
   at Tests.Application.SharedHelpers.MockLogger.ConfigurarMockRecursivo(Moq.Mock`1&lt;Application.Contracts.IAppLogger&gt;)&#xD;
   at Tests.Application.SharedHelpers.MockLogger.ConfigurarMockRecursivo(Moq.Mock`1&lt;Application.Contracts.IAppLogger&gt;)&#xD;
   at Tests.Application.SharedHelpers.MockLogger.ConfigurarMockRecursivo(Moq.Mock`1&lt;Application.Contracts.IAppLogger&gt;)&#xD;
   at Tests.Application.SharedHelpers.MockLogger.ConfigurarMockRecursivo(Moq.Mock`1&lt;Application.Contracts.IAppLogger&gt;)&#xD;
   at Tests.Application.SharedHelpers.MockLogger.ConfigurarMockRecursivo(Moq.Mock`1&lt;Application.Contracts.IAppLogger&gt;)&#xD;
   at Tests.Application.SharedHelpers.MockLogger.ConfigurarMockRecursivo(Moq.Mock`1&lt;Application.Contracts.IAppLogger&gt;)&#xD;
   at Tests.Application.SharedHelpers.MockLogger.ConfigurarMockRecursivo(Moq.Mock`1&lt;Application.Contracts.IAppLogger&gt;)&#xD;
   at Tests.Application.SharedHelpers.MockLogger.ConfigurarMockRecursivo(Moq.Mock`1&lt;Application.Contracts.IAppLogger&gt;)&#xD;
   at Tests.Application.SharedHelpers.MockLogger.ConfigurarMockRecursivo(Moq.Mock`1&lt;Application.Contracts.IAppLogger&gt;)&#xD;
   at Tests.Application.SharedHelpers.MockLogger.ConfigurarMockRecursivo(Moq.Mock`1&lt;Application.Contracts.IAppLogger&gt;)&#xD;
   at Tests.Application.SharedHelpers.MockLogger.ConfigurarMockRecursivo(Moq.Mock`1&lt;Application.Contracts.IAppLogger&gt;)&#xD;
   at Tests.Application.SharedHelpers.MockLogger.ConfigurarMockRecursivo(Moq.Mock`1&lt;Application.Contracts.IAppLogger&gt;)&#xD;
   at Tests.Application.SharedHelpers.MockLogger.ConfigurarMockRecursivo(Moq.Mock`1&lt;Application.Contracts.IAppLogger&gt;)&#xD;
   at Tests.Application.SharedHelpers.MockLogger.ConfigurarMockRecursivo(Moq.Mock`1&lt;Application.Contracts.IAppLogger&gt;)&#xD;
   at Tests.Application.SharedHelpers.MockLogger.ConfigurarMockRecursivo(Moq.Mock`1&lt;Application.Contracts.IAppLogger&gt;)&#xD;
   at Tests.Application.SharedHelpers.MockLogger.ConfigurarMockRecursivo(Moq.Mock`1&lt;Application.Contracts.IAppLogger&gt;)&#xD;
   at Tests.Application.SharedHelpers.MockLogger.ConfigurarMockRecursivo(Moq.Mock`1&lt;Application.Contracts.IAppLogger&gt;)&#xD;
   at Tests.Application.SharedHelpers.MockLogger.ConfigurarMockRecursivo(Moq.Mock`1&lt;Application.Contracts.IAppLogger&gt;)&#xD;
   at Tests.Application.SharedHelpers.MockLogger.ConfigurarMockRecursivo(Moq.Mock`1&lt;Application.Contracts.IAppLogger&gt;)&#xD;
   at Tests.Application.SharedHelpers.MockLogger.ConfigurarMockRecursivo(Moq.Mock`1&lt;Application.Contracts.IAppLogger&gt;)&#xD;
   at Tests.Application.SharedHelpers.MockLogger.ConfigurarMockRecursivo(Moq.Mock`1&lt;Application.Contracts.IAppLogger&gt;)&#xD;
   at Tests.Application.SharedHelpers.MockLogger.ConfigurarMockRecursivo(Moq.Mock`1&lt;Application.Contracts.IAppLogger&gt;)&#xD;
   at Tests.Application.SharedHelpers.MockLogger.ConfigurarMockRecursivo(Moq.Mock`1&lt;Application.Contracts.IAppLogger&gt;)&#xD;
   at Tests.Application.SharedHelpers.MockLogger.ConfigurarMockRecursivo(Moq.Mock`1&lt;Application.Contracts.IAppLogger&gt;)&#xD;
   at Tests.Application.SharedHelpers.MockLogger.ConfigurarMockRecursivo(Moq.Mock`1&lt;Application.Contracts.IAppLogger&gt;)&#xD;
   at Tests.Application.SharedHelpers.MockLogger.ConfigurarMockRecursivo(Moq.Mock`1&lt;Application.Contracts.IAppLogger&gt;)&#xD;
   at Tests.Application.SharedHelpers.MockLogger.ConfigurarMockRecursivo(Moq.Mock`1&lt;Application.Contracts.IAppLogger&gt;)&#xD;
   at Tests.Application.SharedHelpers.MockLogger.ConfigurarMockRecursivo(Moq.Mock`1&lt;Application.Contracts.IAppLogger&gt;)&#xD;
   at Tests.Application.SharedHelpers.MockLogger.ConfigurarMockRecursivo(Moq.Mock`1&lt;Application.Contracts.IAppLogger&gt;)&#xD;
   at Tests.Application.SharedHelpers.MockLogger.ConfigurarMockRecursivo(Moq.Mock`1&lt;Application.Contracts.IAppLogger&gt;)&#xD;
   at Tests.Application.SharedHelpers.MockLogger.ConfigurarMockRecursivo(Moq.Mock`1&lt;Application.Contracts.IAppLogger&gt;)&#xD;
   at Tests.Application.SharedHelpers.MockLogger.ConfigurarMockRecursivo(Moq.Mock`1&lt;Application.Contracts.IAppLogger&gt;)&#xD;
   at Tests.Application.SharedHelpers.MockLogger.ConfigurarMockRecursivo(Moq.Mock`1&lt;Application.Contracts.IAppLogger&gt;)&#xD;
   at Tests.Application.SharedHelpers.MockLogger.ConfigurarMockRecursivo(Moq.Mock`1&lt;Application.Contracts.IAppLogger&gt;)&#xD;
   at Tests.Application.SharedHelpers.MockLogger.ConfigurarMockRecursivo(Moq.Mock`1&lt;Application.Contracts.IAppLogger&gt;)&#xD;
   at Tests.Application.SharedHelpers.MockLogger.ConfigurarMockRecursivo(Moq.Mock`1&lt;Application.Contracts.IAppLogger&gt;)&#xD;
   at Tests.Application.SharedHelpers.MockLogger.ConfigurarMockRecursivo(Moq.Mock`1&lt;Application.Contracts.IAppLogger&gt;)&#xD;
   at Tests.Application.SharedHelpers.MockLogger.ConfigurarMockRecursivo(Moq.Mock`1&lt;Application.Contracts.IAppLogger&gt;)&#xD;
   at Tests.Application.SharedHelpers.MockLogger.ConfigurarMockRecursivo(Moq.Mock`1&lt;Application.Contracts.IAppLogger&gt;)&#xD;
   at Tests.Application.SharedHelpers.MockLogger.ConfigurarMockRecursivo(Moq.Mock`1&lt;Application.Contracts.IAppLogger&gt;)&#xD;
   at Tests.Application.SharedHelpers.MockLogger.ConfigurarMockRecursivo(Moq.Mock`1&lt;Application.Contracts.IAppLogger&gt;)&#xD;
   at Tests.Application.SharedHelpers.MockLogger.ConfigurarMockRecursivo(Moq.Mock`1&lt;Application.Contracts.IAppLogger&gt;)&#xD;
   at Tests.Application.SharedHelpers.MockLogger.ConfigurarMockRecursivo(Moq.Mock`1&lt;Application.Contracts.IAppLogger&gt;)&#xD;
   at Tests.Application.SharedHelpers.MockLogger.ConfigurarMockRecursivo(Moq.Mock`1&lt;Application.Contracts.IAppLogger&gt;)&#xD;
   at Tests.Application.SharedHelpers.MockLogger.ConfigurarMockRecursivo(Moq.Mock`1&lt;Application.Contracts.IAppLogger&gt;)&#xD;
   at Tests.Application.SharedHelpers.MockLogger.ConfigurarMockRecursivo(Moq.Mock`1&lt;Application.Contracts.IAppLogger&gt;)&#xD;
   at Tests.Application.SharedHelpers.MockLogger.ConfigurarMockRecursivo(Moq.Mock`1&lt;Application.Contracts.IAppLogger&gt;)&#xD;
   at Tests.Application.SharedHelpers.MockLogger.ConfigurarMockRecursivo(Moq.Mock`1&lt;Application.Contracts.IAppLogger&gt;)&#xD;
   at Tests.Application.SharedHelpers.MockLogger.ConfigurarMockRecursivo(Moq.Mock`1&lt;Application.Contracts.IAppLogger&gt;)&#xD;
   at Tests.Application.SharedHelpers.MockLogger.ConfigurarMockRecursivo(Moq.Mock`1&lt;Application.Contracts.IAppLogger&gt;)&#xD;
   at Tests.Application.SharedHelpers.MockLogger.ConfigurarMockRecursivo(Moq.Mock`1&lt;Application.Contracts.IAppLogger&gt;)&#xD;
   at Tests.Application.SharedHelpers.MockLogger.ConfigurarMockRecursivo(Moq.Mock`1&lt;Application.Contracts.IAppLogger&gt;)&#xD;
   at Tests.Application.SharedHelpers.MockLogger.ConfigurarMockRecursivo(Moq.Mock`1&lt;Application.Contracts.IAppLogger&gt;)&#xD;
   at Tests.Application.SharedHelpers.MockLogger.ConfigurarMockRecursivo(Moq.Mock`1&lt;Application.Contracts.IAppLogger&gt;)&#xD;
   at Tests.Application.SharedHelpers.MockLogger.ConfigurarMockRecursivo(Moq.Mock`1&lt;Application.Contracts.IAppLogger&gt;)&#xD;
   at Tests.Application.SharedHelpers.MockLogger.ConfigurarMockRecursivo(Moq.Mock`1&lt;Application.Contracts.IAppLogger&gt;)&#xD;
   at Tests.Application.SharedHelpers.MockLogger.ConfigurarMockRecursivo(Moq.Mock`1&lt;Application.Contracts.IAppLogger&gt;)&#xD;
   at Tests.Application.SharedHelpers.MockLogger.ConfigurarMockRecursivo(Moq.Mock`1&lt;Application.Contracts.IAppLogger&gt;)&#xD;
   at Tests.Application.SharedHelpers.MockLogger.ConfigurarMockRecursivo(Moq.Mock`1&lt;Application.Contracts.IAppLogger&gt;)&#xD;
   at Tests.Application.SharedHelpers.MockLogger.ConfigurarMockRecursivo(Moq.Mock`1&lt;Application.Contracts.IAppLogger&gt;)&#xD;
   at Tests.Application.SharedHelpers.MockLogger.ConfigurarMockRecursivo(Moq.Mock`1&lt;Application.Contracts.IAppLogger&gt;)&#xD;
   at Tests.Application.SharedHelpers.MockLogger.ConfigurarMockRecursivo(Moq.Mock`1&lt;Application.Contracts.IAppLogger&gt;)&#xD;
   at Tests.Application.SharedHelpers.MockLogger.ConfigurarMockRecursivo(Moq.Mock`1&lt;Application.Contracts.IAppLogger&gt;)&#xD;
   at Tests.Application.SharedHelpers.MockLogger.ConfigurarMockRecursivo(Moq.Mock`1&lt;Application.Contracts.IAppLogger&gt;)&#xD;
   at Tests.Application.SharedHelpers.MockLogger.ConfigurarMockRecursivo(Moq.Mock`1&lt;Application.Contracts.IAppLogger&gt;)&#xD;
   at Tests.Application.SharedHelpers.MockLogger.ConfigurarMockRecursivo(Moq.Mock`1&lt;Application.Contracts.IAppLogger&gt;)&#xD;
   at Tests.Application.SharedHelpers.MockLogger.ConfigurarMockRecursivo(Moq.Mock`1&lt;Application.Contracts.IAppLogger&gt;)&#xD;
   at Tests.Application.SharedHelpers.MockLogger.ConfigurarMockRecursivo(Moq.Mock`1&lt;Application.Contracts.IAppLogger&gt;)&#xD;
   at Tests.Application.SharedHelpers.MockLogger.ConfigurarMockRecursivo(Moq.Mock`1&lt;Application.Contracts.IAppLogger&gt;)&#xD;
   at Tests.Application.SharedHelpers.MockLogger.ConfigurarMockRecursivo(Moq.Mock`1&lt;Application.Contracts.IAppLogger&gt;)&#xD;
   at Tests.Application.SharedHelpers.MockLogger.ConfigurarMockRecursivo(Moq.Mock`1&lt;Application.Contracts.IAppLogger&gt;)&#xD;
   at Tests.Application.SharedHelpers.MockLogger.ConfigurarMockRecursivo(Moq.Mock`1&lt;Application.Contracts.IAppLogger&gt;)&#xD;
   at Tests.Application.SharedHelpers.MockLogger.ConfigurarMockRecursivo(Moq.Mock`1&lt;Application.Contracts.IAppLogger&gt;)&#xD;
   at Tests.Application.SharedHelpers.MockLogger.ConfigurarMockRecursivo(Moq.Mock`1&lt;Application.Contracts.IAppLogger&gt;)&#xD;
   at Tests.Application.SharedHelpers.MockLogger.ConfigurarMockRecursivo(Moq.Mock`1&lt;Application.Contracts.IAppLogger&gt;)&#xD;
   at Tests.Application.SharedHelpers.MockLogger.ConfigurarMockRecursivo(Moq.Mock`1&lt;Application.Contracts.IAppLogger&gt;)&#xD;
   at Tests.Application.SharedHelpers.MockLogger.ConfigurarMockRecursivo(Moq.Mock`1&lt;Application.Contracts.IAppLogger&gt;)&#xD;
   at Tests.Application.SharedHelpers.MockLogger.ConfigurarMockRecursivo(Moq.Mock`1&lt;Application.Contracts.IAppLogger&gt;)&#xD;
   at Tests.Application.SharedHelpers.MockLogger.ConfigurarMockRecursivo(Moq.Mock`1&lt;Application.Contracts.IAppLogger&gt;)&#xD;
   at Tests.Application.SharedHelpers.MockLogger.ConfigurarMockRecursivo(Moq.Mock`1&lt;Application.Contracts.IAppLogger&gt;)&#xD;
   at Tests.Application.SharedHelpers.MockLogger.ConfigurarMockRecursivo(Moq.Mock`1&lt;Application.Contracts.IAppLogger&gt;)&#xD;
   at Tests.Application.SharedHelpers.MockLogger.ConfigurarMockRecursivo(Moq.Mock`1&lt;Application.Contracts.IAppLogger&gt;)&#xD;
   at Tests.Application.SharedHelpers.MockLogger.ConfigurarMockRecursivo(Moq.Mock`1&lt;Application.Contracts.IAppLogger&gt;)&#xD;
   at Tests.Application.SharedHelpers.MockLogger.ConfigurarMockRecursivo(Moq.Mock`1&lt;Application.Contracts.IAppLogger&gt;)&#xD;
   at Tests.Application.SharedHelpers.MockLogger.ConfigurarMockRecursivo(Moq.Mock`1&lt;Application.Contracts.IAppLogger&gt;)&#xD;
   at Tests.Application.SharedHelpers.MockLogger.ConfigurarMockRecursivo(Moq.Mock`1&lt;Application.Contracts.IAppLogger&gt;)&#xD;
   at Tests.Application.SharedHelpers.MockLogger.ConfigurarMockRecursivo(Moq.Mock`1&lt;Application.Contracts.IAppLogger&gt;)&#xD;
   at Tests.Application.SharedHelpers.MockLogger.ConfigurarMockRecursivo(Moq.Mock`1&lt;Application.Contracts.IAppLogger&gt;)&#xD;
   at Tests.Application.SharedHelpers.MockLogger.ConfigurarMockRecursivo(Moq.Mock`1&lt;Application.Contracts.IAppLogger&gt;)&#xD;
   at Tests.Application.SharedHelpers.MockLogger.ConfigurarMockRecursivo(Moq.Mock`1&lt;Application.Contracts.IAppLogger&gt;)&#xD;
   at Tests.Application.SharedHelpers.MockLogger.ConfigurarMockRecursivo(Moq.Mock`1&lt;Application.Contracts.IAppLogger&gt;)&#xD;
   at Tests.Application.SharedHelpers.MockLogger.ConfigurarMockRecursivo(Moq.Mock`1&lt;Application.Contracts.IAppLogger&gt;)&#xD;
   at Tests.Application.SharedHelpers.MockLogger.ConfigurarMockRecursivo(Moq.Mock`1&lt;Application.Contracts.IAppLogger&gt;)&#xD;
   at Tests.Application.SharedHelpers.MockLogger.ConfigurarMockRecursivo(Moq.Mock`1&lt;Application.Contracts.IAppLogger&gt;)&#xD;
   at Tests.Application.SharedHelpers.MockLogger.ConfigurarMockRecursivo(Moq.Mock`1&lt;Application.Contracts.IAppLogger&gt;)&#xD;
   at Tests.Application.SharedHelpers.MockLogger.ConfigurarMockRecursivo(Moq.Mock`1&lt;Application.Contracts.IAppLogger&gt;)&#xD;
   at Tests.Application.SharedHelpers.MockLogger.ConfigurarMockRecursivo(Moq.Mock`1&lt;Application.Contracts.IAppLogger&gt;)&#xD;
   at Tests.Application.SharedHelpers.MockLogger.ConfigurarMockRecursivo(Moq.Mock`1&lt;Application.Contracts.IAppLogger&gt;)&#xD;
   at Tests.Application.SharedHelpers.MockLogger.ConfigurarMockRecursivo(Moq.Mock`1&lt;Application.Contracts.IAppLogger&gt;)&#xD;
   at Tests.Application.SharedHelpers.MockLogger.ConfigurarMockRecursivo(Moq.Mock`1&lt;Application.Contracts.IAppLogger&gt;)&#xD;
   at Tests.Application.SharedHelpers.MockLogger.ConfigurarMockRecursivo(Moq.Mock`1&lt;Application.Contracts.IAppLogger&gt;)&#xD;
   at Tests.Application.SharedHelpers.MockLogger.ConfigurarMockRecursivo(Moq.Mock`1&lt;Application.Contracts.IAppLogger&gt;)&#xD;
   at Tests.Application.SharedHelpers.MockLogger.ConfigurarMockRecursivo(Moq.Mock`1&lt;Application.Contracts.IAppLogger&gt;)&#xD;
   at Tests.Application.SharedHelpers.MockLogger.ConfigurarMockRecursivo(Moq.Mock`1&lt;Application.Contracts.IAppLogger&gt;)&#xD;
   at Tests.Application.SharedHelpers.MockLogger.ConfigurarMockRecursivo(Moq.Mock`1&lt;Application.Contracts.IAppLogger&gt;)&#xD;
   at Tests.Application.SharedHelpers.MockLogger.ConfigurarMockRecursivo(Moq.Mock`1&lt;Application.Contracts.IAppLogger&gt;)&#xD;
   at Tests.Application.SharedHelpers.MockLogger.ConfigurarMockRecursivo(Moq.Mock`1&lt;Application.Contracts.IAppLogger&gt;)&#xD;
   at Tests.Application.SharedHelpers.MockLogger.ConfigurarMockRecursivo(Moq.Mock`1&lt;Application.Contracts.IAppLogger&gt;)&#xD;
   at Tests.Application.SharedHelpers.MockLogger.ConfigurarMockRecursivo(Moq.Mock`1&lt;Application.Contracts.IAppLogger&gt;)&#xD;
   at Tests.Application.SharedHelpers.MockLogger.ConfigurarMockRecursivo(Moq.Mock`1&lt;Application.Contracts.IAppLogger&gt;)&#xD;
   at Tests.Application.SharedHelpers.MockLogger.ConfigurarMockRecursivo(Moq.Mock`1&lt;Application.Contracts.IAppLogger&gt;)&#xD;
   at Tests.Application.SharedHelpers.MockLogger.ConfigurarMockRecursivo(Moq.Mock`1&lt;Application.Contracts.IAppLogger&gt;)&#xD;
   at Tests.Application.SharedHelpers.MockLogger.ConfigurarMockRecursivo(Moq.Mock`1&lt;Application.Contracts.IAppLogger&gt;)&#xD;
   at Tests.Application.SharedHelpers.MockLogger.ConfigurarMockRecursivo(Moq.Mock`1&lt;Application.Contracts.IAppLogger&gt;)&#xD;
   at Tests.Application.SharedHelpers.MockLogger.ConfigurarMockRecursivo(Moq.Mock`1&lt;Application.Contracts.IAppLogger&gt;)&#xD;
   at Tests.Application.SharedHelpers.MockLogger.ConfigurarMockRecursivo(Moq.Mock`1&lt;Application.Contracts.IAppLogger&gt;)&#xD;
   at Tests.Application.SharedHelpers.MockLogger.ConfigurarMockRecursivo(Moq.Mock`1&lt;Application.Contracts.IAppLogger&gt;)&#xD;
   at Tests.Application.SharedHelpers.MockLogger.ConfigurarMockRecursivo(Moq.Mock`1&lt;Application.Contracts.IAppLogger&gt;)&#xD;
   at Tests.Application.SharedHelpers.MockLogger.ConfigurarMockRecursivo(Moq.Mock`1&lt;Application.Contracts.IAppLogger&gt;)&#xD;
   at Tests.Application.SharedHelpers.MockLogger.ConfigurarMockRecursivo(Moq.Mock`1&lt;Application.Contracts.IAppLogger&gt;)&#xD;
   at Tests.Application.SharedHelpers.MockLogger.ConfigurarMockRecursivo(Moq.Mock`1&lt;Application.Contracts.IAppLogger&gt;)&#xD;
   at Tests.Application.SharedHelpers.MockLogger.ConfigurarMockRecursivo(Moq.Mock`1&lt;Application.Contracts.IAppLogger&gt;)&#xD;
   at Tests.Application.SharedHelpers.MockLogger.ConfigurarMockRecursivo(Moq.Mock`1&lt;Application.Contracts.IAppLogger&gt;)&#xD;
   at Tests.Application.SharedHelpers.MockLogger.ConfigurarMockRecursivo(Moq.Mock`1&lt;Application.Contracts.IAppLogger&gt;)&#xD;
   at Tests.Application.SharedHelpers.MockLogger.ConfigurarMockRecursivo(Moq.Mock`1&lt;Application.Contracts.IAppLogger&gt;)&#xD;
   at Tests.Application.SharedHelpers.MockLogger.ConfigurarMockRecursivo(Moq.Mock`1&lt;Application.Contracts.IAppLogger&gt;)&#xD;
   at Tests.Application.SharedHelpers.MockLogger.ConfigurarMockRecursivo(Moq.Mock`1&lt;Application.Contracts.IAppLogger&gt;)&#xD;
   at Tests.Application.SharedHelpers.MockLogger.ConfigurarMockRecursivo(Moq.Mock`1&lt;Application.Contracts.IAppLogger&gt;)&#xD;
   at Tests.Application.SharedHelpers.MockLogger.ConfigurarMockRecursivo(Moq.Mock`1&lt;Application.Contracts.IAppLogger&gt;)&#xD;
   at Tests.Application.SharedHelpers.MockLogger.ConfigurarMockRecursivo(Moq.Mock`1&lt;Application.Contracts.IAppLogger&gt;)&#xD;
   at Tests.Application.SharedHelpers.MockLogger.ConfigurarMockRecursivo(Moq.Mock`1&lt;Application.Contracts.IAppLogger&gt;)&#xD;
   at Tests.Application.SharedHelpers.MockLogger.ConfigurarMockRecursivo(Moq.Mock`1&lt;Application.Contracts.IAppLogger&gt;)&#xD;
   at Tests.Application.SharedHelpers.MockLogger.ConfigurarMockRecursivo(Moq.Mock`1&lt;Application.Contracts.IAppLogger&gt;)&#xD;
   at Tests.Application.SharedHelpers.MockLogger.ConfigurarMockRecursivo(Moq.Mock`1&lt;Application.Contracts.IAppLogger&gt;)&#xD;
   at Tests.Application.SharedHelpers.MockLogger.ConfigurarMockRecursivo(Moq.Mock`1&lt;Application.Contracts.IAppLogger&gt;)&#xD;
   at Tests.Application.SharedHelpers.MockLogger.ConfigurarMockRecursivo(Moq.Mock`1&lt;Application.Contracts.IAppLogger&gt;)&#xD;
   at Tests.Application.SharedHelpers.MockLogger.ConfigurarMockRecursivo(Moq.Mock`1&lt;Application.Contracts.IAppLogger&gt;)&#xD;
   at Tests.Application.SharedHelpers.MockLogger.ConfigurarMockRecursivo(Moq.Mock`1&lt;Application.Contracts.IAppLogger&gt;)&#xD;
   at Tests.Application.SharedHelpers.MockLogger.ConfigurarMockRecursivo(Moq.Mock`1&lt;Application.Contracts.IAppLogger&gt;)&#xD;
   at Tests.Application.SharedHelpers.MockLogger.ConfigurarMockRecursivo(Moq.Mock`1&lt;Application.Contracts.IAppLogger&gt;)&#xD;
   at Tests.Application.SharedHelpers.MockLogger.ConfigurarMockRecursivo(Moq.Mock`1&lt;Application.Contracts.IAppLogger&gt;)&#xD;
   at Tests.Application.SharedHelpers.MockLogger.ConfigurarMockRecursivo(Moq.Mock`1&lt;Application.Contracts.IAppLogger&gt;)&#xD;
   at Tests.Application.SharedHelpers.MockLogger.ConfigurarMockRecursivo(Moq.Mock`1&lt;Application.Contracts.IAppLogger&gt;)&#xD;
   at Tests.Application.SharedHelpers.MockLogger.ConfigurarMockRecursivo(Moq.Mock`1&lt;Application.Contracts.IAppLogger&gt;)&#xD;
   at Tests.Application.SharedHelpers.MockLogger.ConfigurarMockRecursivo(Moq.Mock`1&lt;Application.Contracts.IAppLogger&gt;)&#xD;
   at Tests.Application.SharedHelpers.MockLogger.ConfigurarMockRecursivo(Moq.Mock`1&lt;Application.Contracts.IAppLogger&gt;)&#xD;
   at Tests.Application.SharedHelpers.MockLogger.ConfigurarMockRecursivo(Moq.Mock`1&lt;Application.Contracts.IAppLogger&gt;)&#xD;
   at Tests.Application.SharedHelpers.MockLogger.ConfigurarMockRecursivo(Moq.Mock`1&lt;Application.Contracts.IAppLogger&gt;)&#xD;
   at Tests.Application.SharedHelpers.MockLogger.ConfigurarMockRecursivo(Moq.Mock`1&lt;Application.Contracts.IAppLogger&gt;)&#xD;
   at Tests.Application.SharedHelpers.MockLogger.ConfigurarMockRecursivo(Moq.Mock`1&lt;Application.Contracts.IAppLogger&gt;)&#xD;
   at Tests.Application.SharedHelpers.MockLogger.ConfigurarMockRecursivo(Moq.Mock`1&lt;Application.Contracts.IAppLogger&gt;)&#xD;
   at Tests.Application.SharedHelpers.MockLogger.ConfigurarMockRecursivo(Moq.Mock`1&lt;Application.Contracts.IAppLogger&gt;)&#xD;
   at Tests.Application.SharedHelpers.MockLogger.ConfigurarMockRecursivo(Moq.Mock`1&lt;Application.Contracts.IAppLogger&gt;)&#xD;
   at Tests.Application.SharedHelpers.MockLogger.ConfigurarMockRecursivo(Moq.Mock`1&lt;Application.Contracts.IAppLogger&gt;)&#xD;
   at Tests.Application.SharedHelpers.MockLogger.ConfigurarMockRecursivo(Moq.Mock`1&lt;Application.Contracts.IAppLogger&gt;)&#xD;
   at Tests.Application.SharedHelpers.MockLogger.ConfigurarMockRecursivo(Moq.Mock`1&lt;Application.Contracts.IAppLogger&gt;)&#xD;
   at Tests.Application.SharedHelpers.MockLogger.ConfigurarMockRecursivo(Moq.Mock`1&lt;Application.Contracts.IAppLogger&gt;)&#xD;
   at Tests.Application.SharedHelpers.MockLogger.ConfigurarMockRecursivo(Moq.Mock`1&lt;Application.Contracts.IAppLogger&gt;)&#xD;
   at Tests.Application.SharedHelpers.MockLogger.ConfigurarMockRecursivo(Moq.Mock`1&lt;Application.Contracts.IAppLogger&gt;)&#xD;
   at Tests.Application.SharedHelpers.MockLogger.ConfigurarMockRecursivo(Moq.Mock`1&lt;Application.Contracts.IAppLogger&gt;)&#xD;
   at Tests.Application.SharedHelpers.MockLogger.ConfigurarMockRecursivo(Moq.Mock`1&lt;Application.Contracts.IAppLogger&gt;)&#xD;
   at Tests.Application.SharedHelpers.MockLogger.ConfigurarMockRecursivo(Moq.Mock`1&lt;Application.Contracts.IAppLogger&gt;)&#xD;
   at Tests.Application.SharedHelpers.MockLogger.ConfigurarMockRecursivo(Moq.Mock`1&lt;Application.Contracts.IAppLogger&gt;)&#xD;
   at Tests.Application.SharedHelpers.MockLogger.ConfigurarMockRecursivo(Moq.Mock`1&lt;Application.Contracts.IAppLogger&gt;)&#xD;
   at Tests.Application.SharedHelpers.MockLogger.ConfigurarMockRecursivo(Moq.Mock`1&lt;Application.Contracts.IAppLogger&gt;)&#xD;
   at Tests.Application.SharedHelpers.MockLogger.ConfigurarMockRecursivo(Moq.Mock`1&lt;Application.Contracts.IAppLogger&gt;)&#xD;
   at Tests.Application.SharedHelpers.MockLogger.ConfigurarMockRecursivo(Moq.Mock`1&lt;Application.Contracts.IAppLogger&gt;)&#xD;
   at Tests.Application.SharedHelpers.MockLogger.ConfigurarMockRecursivo(Moq.Mock`1&lt;Application.Contracts.IAppLogger&gt;)&#xD;
   at Tests.Application.SharedHelpers.MockLogger.ConfigurarMockRecursivo(Moq.Mock`1&lt;Application.Contracts.IAppLogger&gt;)&#xD;
   at Tests.Application.SharedHelpers.MockLogger.ConfigurarMockRecursivo(Moq.Mock`1&lt;Application.Contracts.IAppLogger&gt;)&#xD;
   at Tests.Application.SharedHelpers.MockLogger.ConfigurarMockRecursivo(Moq.Mock`1&lt;Application.Contracts.IAppLogger&gt;)&#xD;
   at Tests.Application.SharedHelpers.MockLogger.ConfigurarMockRecursivo(Moq.Mock`1&lt;Application.Contracts.IAppLogger&gt;)&#xD;
   at Tests.Application.SharedHelpers.MockLogger.ConfigurarMockRecursivo(Moq.Mock`1&lt;Application.Contracts.IAppLogger&gt;)&#xD;
   at Tests.Application.SharedHelpers.MockLogger.ConfigurarMockRecursivo(Moq.Mock`1&lt;Application.Contracts.IAppLogger&gt;)&#xD;
   at Tests.Application.SharedHelpers.MockLogger.ConfigurarMockRecursivo(Moq.Mock`1&lt;Application.Contracts.IAppLogger&gt;)&#xD;
   at Tests.Application.SharedHelpers.MockLogger.ConfigurarMockRecursivo(Moq.Mock`1&lt;Application.Contracts.IAppLogger&gt;)&#xD;
   at Tests.Application.SharedHelpers.MockLogger.ConfigurarMockRecursivo(Moq.Mock`1&lt;Application.Contracts.IAppLogger&gt;)&#xD;
   at Tests.Application.SharedHelpers.MockLogger.ConfigurarMockRecursivo(Moq.Mock`1&lt;Application.Contracts.IAppLogger&gt;)&#xD;
   at Tests.Application.SharedHelpers.MockLogger.ConfigurarMockRecursivo(Moq.Mock`1&lt;Application.Contracts.IAppLogger&gt;)&#xD;
   at Tests.Application.SharedHelpers.MockLogger.ConfigurarMockRecursivo(Moq.Mock`1&lt;Application.Contracts.IAppLogger&gt;)&#xD;
   at Tests.Application.SharedHelpers.MockLogger.ConfigurarMockRecursivo(Moq.Mock`1&lt;Application.Contracts.IAppLogger&gt;)&#xD;
   at Tests.Application.SharedHelpers.MockLogger.ConfigurarMockRecursivo(Moq.Mock`1&lt;Application.Contracts.IAppLogger&gt;)&#xD;
   at Tests.Application.SharedHelpers.MockLogger.ConfigurarMockRecursivo(Moq.Mock`1&lt;Application.Contracts.IAppLogger&gt;)&#xD;
   at Tests.Application.SharedHelpers.MockLogger.ConfigurarMockRecursivo(Moq.Mock`1&lt;Application.Contracts.IAppLogger&gt;)&#xD;
   at Tests.Application.SharedHelpers.MockLogger.ConfigurarMockRecursivo(Moq.Mock`1&lt;Application.Contracts.IAppLogger&gt;)&#xD;
   at Tests.Application.SharedHelpers.MockLogger.ConfigurarMockRecursivo(Moq.Mock`1&lt;Application.Contracts.IAppLogger&gt;)&#xD;
   at Tests.Application.SharedHelpers.MockLogger.ConfigurarMockRecursivo(Moq.Mock`1&lt;Application.Contracts.IAppLogger&gt;)&#xD;
   at Tests.Application.SharedHelpers.MockLogger.ConfigurarMockRecursivo(Moq.Mock`1&lt;Application.Contracts.IAppLogger&gt;)&#xD;
   at Tests.Application.SharedHelpers.MockLogger.ConfigurarMockRecursivo(Moq.Mock`1&lt;Application.Contracts.IAppLogger&gt;)&#xD;
   at Tests.Application.SharedHelpers.MockLogger.ConfigurarMockRecursivo(Moq.Mock`1&lt;Application.Contracts.IAppLogger&gt;)&#xD;
   at Tests.Application.SharedHelpers.MockLogger.ConfigurarMockRecursivo(Moq.Mock`1&lt;Application.Contracts.IAppLogger&gt;)&#xD;
   at Tests.Application.SharedHelpers.MockLogger.ConfigurarMockRecursivo(Moq.Mock`1&lt;Application.Contracts.IAppLogger&gt;)&#xD;
   at Tests.Application.SharedHelpers.MockLogger.ConfigurarMockRecursivo(Moq.Mock`1&lt;Application.Contracts.IAppLogger&gt;)&#xD;
   at Tests.Application.SharedHelpers.MockLogger.ConfigurarMockRecursivo(Moq.Mock`1&lt;Application.Contracts.IAppLogger&gt;)&#xD;
   at Tests.Application.SharedHelpers.MockLogger.ConfigurarMockRecursivo(Moq.Mock`1&lt;Application.Contracts.IAppLogger&gt;)&#xD;
   at Tests.Application.SharedHelpers.MockLogger.ConfigurarMockRecursivo(Moq.Mock`1&lt;Application.Contracts.IAppLogger&gt;)&#xD;
   at Tests.Application.SharedHelpers.MockLogger.ConfigurarMockRecursivo(Moq.Mock`1&lt;Application.Contracts.IAppLogger&gt;)&#xD;
   at Tests.Application.SharedHelpers.MockLogger.ConfigurarMockRecursivo(Moq.Mock`1&lt;Application.Contracts.IAppLogger&gt;)&#xD;
   at Tests.Application.SharedHelpers.MockLogger.ConfigurarMockRecursivo(Moq.Mock`1&lt;Application.Contracts.IAppLogger&gt;)&#xD;
   at Tests.Application.SharedHelpers.MockLogger.ConfigurarMockRecursivo(Moq.Mock`1&lt;Application.Contracts.IAppLogger&gt;)&#xD;
   at Tests.Application.SharedHelpers.MockLogger.ConfigurarMockRecursivo(Moq.Mock`1&lt;Application.Contracts.IAppLogger&gt;)&#xD;
   at Tests.Application.SharedHelpers.MockLogger.ConfigurarMockRecursivo(Moq.Mock`1&lt;Application.Contracts.IAppLogger&gt;)&#xD;
   at Tests.Application.SharedHelpers.MockLogger.ConfigurarMockRecursivo(Moq.Mock`1&lt;Application.Contracts.IAppLogger&gt;)&#xD;
   at Tests.Application.SharedHelpers.MockLogger.ConfigurarMockRecursivo(Moq.Mock`1&lt;Application.Contracts.IAppLogger&gt;)&#xD;
   at Tests.Application.SharedHelpers.MockLogger.ConfigurarMockRecursivo(Moq.Mock`1&lt;Application.Contracts.IAppLogger&gt;)&#xD;
   at Tests.Application.SharedHelpers.MockLogger.ConfigurarMockRecursivo(Moq.Mock`1&lt;Application.Contracts.IAppLogger&gt;)&#xD;
   at Tests.Application.SharedHelpers.MockLogger.ConfigurarMockRecursivo(Moq.Mock`1&lt;Application.Contracts.IAppLogger&gt;)&#xD;
   at Tests.Application.SharedHelpers.MockLogger.ConfigurarMockRecursivo(Moq.Mock`1&lt;Application.Contracts.IAppLogger&gt;)&#xD;
   at Tests.Application.SharedHelpers.MockLogger.ConfigurarMockRecursivo(Moq.Mock`1&lt;Application.Contracts.IAppLogger&gt;)&#xD;
   at Tests.Application.SharedHelpers.MockLogger.ConfigurarMockRecursivo(Moq.Mock`1&lt;Application.Contracts.IAppLogger&gt;)&#xD;
   at Tests.Application.SharedHelpers.MockLogger.ConfigurarMockRecursivo(Moq.Mock`1&lt;Application.Contracts.IAppLogger&gt;)&#xD;
   at Tests.Application.SharedHelpers.MockLogger.ConfigurarMockRecursivo(Moq.Mock`1&lt;Application.Contracts.IAppLogger&gt;)&#xD;
   at Tests.Application.SharedHelpers.MockLogger.ConfigurarMockRecursivo(Moq.Mock`1&lt;Application.Contracts.IAppLogger&gt;)&#xD;
   at Tests.Application.SharedHelpers.MockLogger.ConfigurarMockRecursivo(Moq.Mock`1&lt;Application.Contracts.IAppLogger&gt;)&#xD;
   at Tests.Application.SharedHelpers.MockLogger.ConfigurarMockRecursivo(Moq.Mock`1&lt;Application.Contracts.IAppLogger&gt;)&#xD;
   at Tests.Application.SharedHelpers.MockLogger.ConfigurarMockRecursivo(Moq.Mock`1&lt;Application.Contracts.IAppLogger&gt;)&#xD;
   at Tests.Application.SharedHelpers.MockLogger.ConfigurarMockRecursivo(Moq.Mock`1&lt;Application.Contracts.IAppLogger&gt;)&#xD;
   at Tests.Application.SharedHelpers.MockLogger.ConfigurarMockRecursivo(Moq.Mock`1&lt;Application.Contracts.IAppLogger&gt;)&#xD;
   at Tests.Application.SharedHelpers.MockLogger.ConfigurarMockRecursivo(Moq.Mock`1&lt;Application.Contracts.IAppLogger&gt;)&#xD;
   at Tests.Application.SharedHelpers.MockLogger.ConfigurarMockRecursivo(Moq.Mock`1&lt;Application.Contracts.IAppLogger&gt;)&#xD;
   at Tests.Application.SharedHelpers.MockLogger.ConfigurarMockRecursivo(Moq.Mock`1&lt;Application.Contracts.IAppLogger&gt;)&#xD;
   at Tests.Application.SharedHelpers.MockLogger.ConfigurarMockRecursivo(Moq.Mock`1&lt;Application.Contracts.IAppLogger&gt;)&#xD;
   at Tests.Application.SharedHelpers.MockLogger.ConfigurarMockRecursivo(Moq.Mock`1&lt;Application.Contracts.IAppLogger&gt;)&#xD;
   at Tests.Application.SharedHelpers.MockLogger.ConfigurarMockRecursivo(Moq.Mock`1&lt;Application.Contracts.IAppLogger&gt;)&#xD;
   at Tests.Application.SharedHelpers.MockLogger.ConfigurarMockRecursivo(Moq.Mock`1&lt;Application.Contracts.IAppLogger&gt;)&#xD;
   at Tests.Application.SharedHelpers.MockLogger.ConfigurarMockRecursivo(Moq.Mock`1&lt;Application.Contracts.IAppLogger&gt;)&#xD;
   at Tests.Application.SharedHelpers.MockLogger.ConfigurarMockRecursivo(Moq.Mock`1&lt;Application.Contracts.IAppLogger&gt;)&#xD;
   at Tests.Application.SharedHelpers.MockLogger.ConfigurarMockRecursivo(Moq.Mock`1&lt;Application.Contracts.IAppLogger&gt;)&#xD;
   at Tests.Application.SharedHelpers.MockLogger.ConfigurarMockRecursivo(Moq.Mock`1&lt;Application.Contracts.IAppLogger&gt;)&#xD;
   at Tests.Application.SharedHelpers.MockLogger.ConfigurarMockRecursivo(Moq.Mock`1&lt;Application.Contracts.IAppLogger&gt;)&#xD;
   at Tests.Application.SharedHelpers.MockLogger.ConfigurarMockRecursivo(Moq.Mock`1&lt;Application.Contracts.IAppLogger&gt;)&#xD;
   at Tests.Application.SharedHelpers.MockLogger.ConfigurarMockRecursivo(Moq.Mock`1&lt;Application.Contracts.IAppLogger&gt;)&#xD;
   at Tests.Application.SharedHelpers.MockLogger.ConfigurarMockRecursivo(Moq.Mock`1&lt;Application.Contracts.IAppLogger&gt;)&#xD;
   at Tests.Application.SharedHelpers.MockLogger.ConfigurarMockRecursivo(Moq.Mock`1&lt;Application.Contracts.IAppLogger&gt;)&#xD;
   at Tests.Application.SharedHelpers.MockLogger.ConfigurarMockRecursivo(Moq.Mock`1&lt;Application.Contracts.IAppLogger&gt;)&#xD;
   at Tests.Application.SharedHelpers.MockLogger.ConfigurarMockRecursivo(Moq.Mock`1&lt;Application.Contracts.IAppLogger&gt;)&#xD;
   at Tests.Application.SharedHelpers.MockLogger.ConfigurarMockRecursivo(Moq.Mock`1&lt;Application.Contracts.IAppLogger&gt;)&#xD;
   at Tests.Application.SharedHelpers.MockLogger.ConfigurarMockRecursivo(Moq.Mock`1&lt;Application.Contracts.IAppLogger&gt;)&#xD;
   at Tests.Application.SharedHelpers.MockLogger.ConfigurarMockRecursivo(Moq.Mock`1&lt;Application.Contracts.IAppLogger&gt;)&#xD;
   at Tests.Application.SharedHelpers.MockLogger.ConfigurarMockRecursivo(Moq.Mock`1&lt;Application.Contracts.IAppLogger&gt;)&#xD;
   at Tests.Application.SharedHelpers.MockLogger.ConfigurarMockRecursivo(Moq.Mock`1&lt;Application.Contracts.IAppLogger&gt;)&#xD;
   at Tests.Application.SharedHelpers.MockLogger.ConfigurarMockRecursivo(Moq.Mock`1&lt;Application.Contracts.IAppLogger&gt;)&#xD;
   at Tests.Application.SharedHelpers.MockLogger.ConfigurarMockRecursivo(Moq.Mock`1&lt;Application.Contracts.IAppLogger&gt;)&#xD;
   at Tests.Application.SharedHelpers.MockLogger.ConfigurarMockRecursivo(Moq.Mock`1&lt;Application.Contracts.IAppLogger&gt;)&#xD;
   at Tests.Application.SharedHelpers.MockLogger.ConfigurarMockRecursivo(Moq.Mock`1&lt;Application.Contracts.IAppLogger&gt;)&#xD;
   at Tests.Application.SharedHelpers.MockLogger.ConfigurarMockRecursivo(Moq.Mock`1&lt;Application.Contracts.IAppLogger&gt;)&#xD;
   at Tests.Application.SharedHelpers.MockLogger.ConfigurarMockRecursivo(Moq.Mock`1&lt;Application.Contracts.IAppLogger&gt;)&#xD;
   at Tests.Application.SharedHelpers.MockLogger.ConfigurarMockRecursivo(Moq.Mock`1&lt;Application.Contracts.IAppLogger&gt;)&#xD;
   at Tests.Application.SharedHelpers.MockLogger.ConfigurarMockRecursivo(Moq.Mock`1&lt;Application.Contracts.IAppLogger&gt;)&#xD;
   at Tests.Application.SharedHelpers.MockLogger.ConfigurarMockRecursivo(Moq.Mock`1&lt;Application.Contracts.IAppLogger&gt;)&#xD;
   at Tests.Application.SharedHelpers.MockLogger.ConfigurarMockRecursivo(Moq.Mock`1&lt;Application.Contracts.IAppLogger&gt;)&#xD;
   at Tests.Application.SharedHelpers.MockLogger.ConfigurarMockRecursivo(Moq.Mock`1&lt;Application.Contracts.IAppLogger&gt;)&#xD;
   at Tests.Application.SharedHelpers.MockLogger.ConfigurarMockRecursivo(Moq.Mock`1&lt;Application.Contracts.IAppLogger&gt;)&#xD;
   at Tests.Application.SharedHelpers.MockLogger.ConfigurarMockRecursivo(Moq.Mock`1&lt;Application.Contracts.IAppLogger&gt;)&#xD;
   at Tests.Application.SharedHelpers.MockLogger.ConfigurarMockRecursivo(Moq.Mock`1&lt;Application.Contracts.IAppLogger&gt;)&#xD;
   at Tests.Application.SharedHelpers.MockLogger.ConfigurarMockRecursivo(Moq.Mock`1&lt;Application.Contracts.IAppLogger&gt;)&#xD;
   at Tests.Application.SharedHelpers.MockLogger.ConfigurarMockRecursivo(Moq.Mock`1&lt;Application.Contracts.IAppLogger&gt;)&#xD;
   at Tests.Application.SharedHelpers.MockLogger.ConfigurarMockRecursivo(Moq.Mock`1&lt;Application.Contracts.IAppLogger&gt;)&#xD;
   at Tests.Application.SharedHelpers.MockLogger.ConfigurarMockRecursivo(Moq.Mock`1&lt;Application.Contracts.IAppLogger&gt;)&#xD;
   at Tests.Application.SharedHelpers.MockLogger.ConfigurarMockRecursivo(Moq.Mock`1&lt;Application.Contracts.IAppLogger&gt;)&#xD;
   at Tests.Application.SharedHelpers.MockLogger.ConfigurarMockRecursivo(Moq.Mock`1&lt;Application.Contracts.IAppLogger&gt;)&#xD;
   at Tests.Application.SharedHelpers.MockLogger.ConfigurarMockRecursivo(Moq.Mock`1&lt;Application.Contracts.IAppLogger&gt;)&#xD;
   at Tests.Application.SharedHelpers.MockLogger.ConfigurarMockRecursivo(Moq.Mock`1&lt;Application.Contracts.IAppLogger&gt;)&#xD;
   at Tests.Application.SharedHelpers.MockLogger.ConfigurarMockRecursivo(Moq.Mock`1&lt;Application.Contracts.IAppLogger&gt;)&#xD;
   at Tests.Application.SharedHelpers.MockLogger.ConfigurarMockRecursivo(Moq.Mock`1&lt;Application.Contracts.IAppLogger&gt;)&#xD;
   at Tests.Application.SharedHelpers.MockLogger.ConfigurarMockRecursivo(Moq.Mock`1&lt;Application.Contracts.IAppLogger&gt;)&#xD;
   at Tests.Application.SharedHelpers.MockLogger.ConfigurarMockRecursivo(Moq.Mock`1&lt;Application.Contracts.IAppLogger&gt;)&#xD;
   at Tests.Application.SharedHelpers.MockLogger.ConfigurarMockRecursivo(Moq.Mock`1&lt;Application.Contracts.IAppLogger&gt;)&#xD;
   at Tests.Application.SharedHelpers.MockLogger.ConfigurarMockRecursivo(Moq.Mock`1&lt;Application.Contracts.IAppLogger&gt;)&#xD;
   at Tests.Application.SharedHelpers.MockLogger.ConfigurarMockRecursivo(Moq.Mock`1&lt;Application.Contracts.IAppLogger&gt;)&#xD;
   at Tests.Application.SharedHelpers.MockLogger.ConfigurarMockRecursivo(Moq.Mock`1&lt;Application.Contracts.IAppLogger&gt;)&#xD;
   at Tests.Application.SharedHelpers.MockLogger.ConfigurarMockRecursivo(Moq.Mock`1&lt;Application.Contracts.IAppLogger&gt;)&#xD;
   at Tests.Application.SharedHelpers.MockLogger.ConfigurarMockRecursivo(Moq.Mock`1&lt;Application.Contracts.IAppLogger&gt;)&#xD;
   at Tests.Application.SharedHelpers.MockLogger.ConfigurarMockRecursivo(Moq.Mock`1&lt;Application.Contracts.IAppLogger&gt;)&#xD;
   at Tests.Application.SharedHelpers.MockLogger.ConfigurarMockRecursivo(Moq.Mock`1&lt;Application.Contracts.IAppLogger&gt;)&#xD;
   at Tests.Application.SharedHelpers.MockLogger.ConfigurarMockRecursivo(Moq.Mock`1&lt;Application.Contracts.IAppLogger&gt;)&#xD;
   at Tests.Application.SharedHelpers.MockLogger.ConfigurarMockRecursivo(Moq.Mock`1&lt;Application.Contracts.IAppLogger&gt;)&#xD;
   at Tests.Application.SharedHelpers.MockLogger.ConfigurarMockRecursivo(Moq.Mock`1&lt;Application.Contracts.IAppLogger&gt;)&#xD;
   at Tests.Application.SharedHelpers.MockLogger.ConfigurarMockRecursivo(Moq.Mock`1&lt;Application.Contracts.IAppLogger&gt;)&#xD;
   at Tests.Application.SharedHelpers.MockLogger.ConfigurarMockRecursivo(Moq.Mock`1&lt;Application.Contracts.IAppLogger&gt;)&#xD;
   at Tests.Application.SharedHelpers.MockLogger.ConfigurarMockRecursivo(Moq.Mock`1&lt;Application.Contracts.IAppLogger&gt;)&#xD;
   at Tests.Application.SharedHelpers.MockLogger.ConfigurarMockRecursivo(Moq.Mock`1&lt;Application.Contracts.IAppLogger&gt;)&#xD;
   at Tests.Application.SharedHelpers.MockLogger.ConfigurarMockRecursivo(Moq.Mock`1&lt;Application.Contracts.IAppLogger&gt;)&#xD;
   at Tests.Application.SharedHelpers.MockLogger.ConfigurarMockRecursivo(Moq.Mock`1&lt;Application.Contracts.IAppLogger&gt;)&#xD;
   at Tests.Application.SharedHelpers.MockLogger.ConfigurarMockRecursivo(Moq.Mock`1&lt;Application.Contracts.IAppLogger&gt;)&#xD;
   at Tests.Application.SharedHelpers.MockLogger.ConfigurarMockRecursivo(Moq.Mock`1&lt;Application.Contracts.IAppLogger&gt;)&#xD;
   at Tests.Application.SharedHelpers.MockLogger.ConfigurarMockRecursivo(Moq.Mock`1&lt;Application.Contracts.IAppLogger&gt;)&#xD;
   at Tests.Application.SharedHelpers.MockLogger.ConfigurarMockRecursivo(Moq.Mock`1&lt;Application.Contracts.IAppLogger&gt;)&#xD;
   at Tests.Application.SharedHelpers.MockLogger.ConfigurarMockRecursivo(Moq.Mock`1&lt;Application.Contracts.IAppLogger&gt;)&#xD;
   at Tests.Application.SharedHelpers.MockLogger.ConfigurarMockRecursivo(Moq.Mock`1&lt;Application.Contracts.IAppLogger&gt;)&#xD;
   at Tests.Application.SharedHelpers.MockLogger.ConfigurarMockRecursivo(Moq.Mock`1&lt;Application.Contracts.IAppLogger&gt;)&#xD;
   at Tests.Application.SharedHelpers.MockLogger.ConfigurarMockRecursivo(Moq.Mock`1&lt;Application.Contracts.IAppLogger&gt;)&#xD;
   at Tests.Application.SharedHelpers.MockLogger.ConfigurarMockRecursivo(Moq.Mock`1&lt;Application.Contracts.IAppLogger&gt;)&#xD;
   at Tests.Application.SharedHelpers.MockLogger.ConfigurarMockRecursivo(Moq.Mock`1&lt;Application.Contracts.IAppLogger&gt;)&#xD;
   at Tests.Application.SharedHelpers.MockLogger.ConfigurarMockRecursivo(Moq.Mock`1&lt;Application.Contracts.IAppLogger&gt;)&#xD;
   at Tests.Application.SharedHelpers.MockLogger.ConfigurarMockRecursivo(Moq.Mock`1&lt;Application.Contracts.IAppLogger&gt;)&#xD;
   at Tests.Application.SharedHelpers.MockLogger.ConfigurarMockRecursivo(Moq.Mock`1&lt;Application.Contracts.IAppLogger&gt;)&#xD;
   at Tests.Application.SharedHelpers.MockLogger.ConfigurarMockRecursivo(Moq.Mock`1&lt;Application.Contracts.IAppLogger&gt;)&#xD;
   at Tests.Application.SharedHelpers.MockLogger.ConfigurarMockRecursivo(Moq.Mock`1&lt;Application.Contracts.IAppLogger&gt;)&#xD;
   at Tests.Application.SharedHelpers.MockLogger.ConfigurarMockRecursivo(Moq.Mock`1&lt;Application.Contracts.IAppLogger&gt;)&#xD;
   at Tests.Application.SharedHelpers.MockLogger.ConfigurarMockRecursivo(Moq.Mock`1&lt;Application.Contracts.IAppLogger&gt;)&#xD;
   at Tests.Application.SharedHelpers.MockLogger.ConfigurarMockRecursivo(Moq.Mock`1&lt;Application.Contracts.IAppLogger&gt;)&#xD;
[...]
   at System.Runtime.CompilerServices.AsyncTaskMethodBuilder`1[[System.__Canon, System.Private.CoreLib, Version=9.0.0.0, Culture=neutral, PublicKeyToken=7cec85d7bea7798e]].Start[[Xunit.Sdk.TestCaseRunner`1+&lt;RunAsync&gt;d__19[[System.__Canon, System.Private.CoreLib, Version=9.0.0.0, Culture=neutral, PublicKeyToken=7cec85d7bea7798e]], xunit.execution.dotnet, Version=2.9.2.0, Culture=neutral, PublicKeyToken=8d05b1bb7a6fdb6c]](&lt;RunAsync&gt;d__19&lt;System.__Canon&gt; ByRef)&#xD;
   at Xunit.Sdk.TestCaseRunner`1[[System.__Canon, System.Private.CoreLib, Version=9.0.0.0, Culture=neutral, PublicKeyToken=7cec85d7bea7798e]].RunAsync()&#xD;
   at Xunit.Sdk.XunitTestCase.RunAsync(Xunit.Abstractions.IMessageSink, Xunit.Sdk.IMessageBus, System.Object[], Xunit.Sdk.ExceptionAggregator, System.Threading.CancellationTokenSource)&#xD;
   at Xunit.Sdk.XunitTestMethodRunner.RunTestCaseAsync(Xunit.Sdk.IXunitTestCase)&#xD;
   at Xunit.Sdk.TestMethodRunner`1+&lt;RunTestCasesAsync&gt;d__32[[System.__Canon, System.Private.CoreLib, Version=9.0.0.0, Culture=neutral, PublicKeyToken=7cec85d7bea7798e]].MoveNext()&#xD;
   at System.Runtime.CompilerServices.AsyncMethodBuilderCore.Start[[Xunit.Sdk.TestMethodRunner`1+&lt;RunTestCasesAsync&gt;d__32[[System.__Canon, System.Private.CoreLib, Version=9.0.0.0, Culture=neutral, PublicKeyToken=7cec85d7bea7798e]], xunit.execution.dotnet, Version=2.9.2.0, Culture=neutral, PublicKeyToken=8d05b1bb7a6fdb6c]](&lt;RunTestCasesAsync&gt;d__32&lt;System.__Canon&gt; ByRef)&#xD;
   at System.Runtime.CompilerServices.AsyncTaskMethodBuilder`1[[System.__Canon, System.Private.CoreLib, Version=9.0.0.0, Culture=neutral, PublicKeyToken=7cec85d7bea7798e]].Start[[Xunit.Sdk.TestMethodRunner`1+&lt;RunTestCasesAsync&gt;d__32[[System.__Canon, System.Private.CoreLib, Version=9.0.0.0, Culture=neutral, PublicKeyToken=7cec85d7bea7798e]], xunit.execution.dotnet, Version=2.9.2.0, Culture=neutral, PublicKeyToken=8d05b1bb7a6fdb6c]](&lt;RunTestCasesAsync&gt;d__32&lt;System.__Canon&gt; ByRef)&#xD;
   at Xunit.Sdk.TestMethodRunner`1[[System.__Canon, System.Private.CoreLib, Version=9.0.0.0, Culture=neutral, PublicKeyToken=7cec85d7bea7798e]].RunTestCasesAsync()&#xD;
   at Xunit.Sdk.TestMethodRunner`1+&lt;RunAsync&gt;d__31[[System.__Canon, System.Private.CoreLib, Version=9.0.0.0, Culture=neutral, PublicKeyToken=7cec85d7bea7798e]].MoveNext()&#xD;
   at System.Runtime.CompilerServices.AsyncMethodBuilderCore.Start[[Xunit.Sdk.TestMethodRunner`1+&lt;RunAsync&gt;d__31[[System.__Canon, System.Private.CoreLib, Version=9.0.0.0, Culture=neutral, PublicKeyToken=7cec85d7bea7798e]], xunit.execution.dotnet, Version=2.9.2.0, Culture=neutral, PublicKeyToken=8d05b1bb7a6fdb6c]](&lt;RunAsync&gt;d__31&lt;System.__Canon&gt; ByRef)&#xD;
   at System.Runtime.CompilerServices.AsyncTaskMethodBuilder`1[[System.__Canon, System.Private.CoreLib, Version=9.0.0.0, Culture=neutral, PublicKeyToken=7cec85d7bea7798e]].Start[[Xunit.Sdk.TestMethodRunner`1+&lt;RunAsync&gt;d__31[[System.__Canon, System.Private.CoreLib, Version=9.0.0.0, Culture=neutral, PublicKeyToken=7cec85d7bea7798e]], xunit.execution.dotnet, Version=2.9.2.0, Culture=neutral, PublicKeyToken=8d05b1bb7a6fdb6c]](&lt;RunAsync&gt;d__31&lt;System.__Canon&gt; ByRef)&#xD;
   at Xunit.Sdk.TestMethodRunner`1[[System.__Canon, System.Private.CoreLib, Version=9.0.0.0, Culture=neutral, PublicKeyToken=7cec85d7bea7798e]].RunAsync()&#xD;
   at Xunit.Sdk.XunitTestClassRunner.RunTestMethodAsync(Xunit.Abstractions.ITestMethod, Xunit.Abstractions.IReflectionMethodInfo, System.Collections.Generic.IEnumerable`1&lt;Xunit.Sdk.IXunitTestCase&gt;, System.Object[])&#xD;
   at Xunit.Sdk.TestClassRunner`1+&lt;RunTestMethodsAsync&gt;d__38[[System.__Canon, System.Private.CoreLib, Version=9.0.0.0, Culture=neutral, PublicKeyToken=7cec85d7bea7798e]].MoveNext()&#xD;
   at System.Runtime.CompilerServices.AsyncMethodBuilderCore.Start[[Xunit.Sdk.TestClassRunner`1+&lt;RunTestMethodsAsync&gt;d__38[[System.__Canon, System.Private.CoreLib, Version=9.0.0.0, Culture=neutral, PublicKeyToken=7cec85d7bea7798e]], xunit.execution.dotnet, Version=2.9.2.0, Culture=neutral, PublicKeyToken=8d05b1bb7a6fdb6c]](&lt;RunTestMethodsAsync&gt;d__38&lt;System.__Canon&gt; ByRef)&#xD;
   at System.Runtime.CompilerServices.AsyncTaskMethodBuilder`1[[System.__Canon, System.Private.CoreLib, Version=9.0.0.0, Culture=neutral, PublicKeyToken=7cec85d7bea7798e]].Start[[Xunit.Sdk.TestClassRunner`1+&lt;RunTestMethodsAsync&gt;d__38[[System.__Canon, System.Private.CoreLib, Version=9.0.0.0, Culture=neutral, PublicKeyToken=7cec85d7bea7798e]], xunit.execution.dotnet, Version=2.9.2.0, Culture=neutral, PublicKeyToken=8d05b1bb7a6fdb6c]](&lt;RunTestMethodsAsync&gt;d__38&lt;System.__Canon&gt; ByRef)&#xD;
   at Xunit.Sdk.TestClassRunner`1[[System.__Canon, System.Private.CoreLib, Version=9.0.0.0, Culture=neutral, PublicKeyToken=7cec85d7bea7798e]].RunTestMethodsAsync()&#xD;
   at Xunit.Sdk.TestClassRunner`1+&lt;RunAsync&gt;d__37[[System.__Canon, System.Private.CoreLib, Version=9.0.0.0, Culture=neutral, PublicKeyToken=7cec85d7bea7798e]].MoveNext()&#xD;
   at System.Runtime.CompilerServices.AsyncMethodBuilderCore.Start[[Xunit.Sdk.TestClassRunner`1+&lt;RunAsync&gt;d__37[[System.__Canon, System.Private.CoreLib, Version=9.0.0.0, Culture=neutral, PublicKeyToken=7cec85d7bea7798e]], xunit.execution.dotnet, Version=2.9.2.0, Culture=neutral, PublicKeyToken=8d05b1bb7a6fdb6c]](&lt;RunAsync&gt;d__37&lt;System.__Canon&gt; ByRef)&#xD;
   at System.Runtime.CompilerServices.AsyncTaskMethodBuilder`1[[System.__Canon, System.Private.CoreLib, Version=9.0.0.0, Culture=neutral, PublicKeyToken=7cec85d7bea7798e]].Start[[Xunit.Sdk.TestClassRunner`1+&lt;RunAsync&gt;d__37[[System.__Canon, System.Private.CoreLib, Version=9.0.0.0, Culture=neutral, PublicKeyToken=7cec85d7bea7798e]], xunit.execution.dotnet, Version=2.9.2.0, Culture=neutral, PublicKeyToken=8d05b1bb7a6fdb6c]](&lt;RunAsync&gt;d__37&lt;System.__Canon&gt; ByRef)&#xD;
   at Xunit.Sdk.TestClassRunner`1[[System.__Canon, System.Private.CoreLib, Version=9.0.0.0, Culture=neutral, PublicKeyToken=7cec85d7bea7798e]].RunAsync()&#xD;
   at Xunit.Sdk.XunitTestCollectionRunner.RunTestClassAsync(Xunit.Abstractions.ITestClass, Xunit.Abstractions.IReflectionTypeInfo, System.Collections.Generic.IEnumerable`1&lt;Xunit.Sdk.IXunitTestCase&gt;)&#xD;
   at Xunit.Sdk.TestCollectionRunner`1+&lt;RunTestClassesAsync&gt;d__28[[System.__Canon, System.Private.CoreLib, Version=9.0.0.0, Culture=neutral, PublicKeyToken=7cec85d7bea7798e]].MoveNext()&#xD;
   at System.Runtime.CompilerServices.AsyncMethodBuilderCore.Start[[Xunit.Sdk.TestCollectionRunner`1+&lt;RunTestClassesAsync&gt;d__28[[System.__Canon, System.Private.CoreLib, Version=9.0.0.0, Culture=neutral, PublicKeyToken=7cec85d7bea7798e]], xunit.execution.dotnet, Version=2.9.2.0, Culture=neutral, PublicKeyToken=8d05b1bb7a6fdb6c]](&lt;RunTestClassesAsync&gt;d__28&lt;System.__Canon&gt; ByRef)&#xD;
   at System.Runtime.CompilerServices.AsyncTaskMethodBuilder`1[[System.__Canon, System.Private.CoreLib, Version=9.0.0.0, Culture=neutral, PublicKeyToken=7cec85d7bea7798e]].Start[[Xunit.Sdk.TestCollectionRunner`1+&lt;RunTestClassesAsync&gt;d__28[[System.__Canon, System.Private.CoreLib, Version=9.0.0.0, Culture=neutral, PublicKeyToken=7cec85d7bea7798e]], xunit.execution.dotnet, Version=2.9.2.0, Culture=neutral, PublicKeyToken=8d05b1bb7a6fdb6c]](&lt;RunTestClassesAsync&gt;d__28&lt;System.__Canon&gt; ByRef)&#xD;
   at Xunit.Sdk.TestCollectionRunner`1[[System.__Canon, System.Private.CoreLib, Version=9.0.0.0, Culture=neutral, PublicKeyToken=7cec85d7bea7798e]].RunTestClassesAsync()&#xD;
   at Xunit.Sdk.TestCollectionRunner`1+&lt;RunAsync&gt;d__27[[System.__Canon, System.Private.CoreLib, Version=9.0.0.0, Culture=neutral, PublicKeyToken=7cec85d7bea7798e]].MoveNext()&#xD;
   at System.Runtime.CompilerServices.AsyncMethodBuilderCore.Start[[Xunit.Sdk.TestCollectionRunner`1+&lt;RunAsync&gt;d__27[[System.__Canon, System.Private.CoreLib, Version=9.0.0.0, Culture=neutral, PublicKeyToken=7cec85d7bea7798e]], xunit.execution.dotnet, Version=2.9.2.0, Culture=neutral, PublicKeyToken=8d05b1bb7a6fdb6c]](&lt;RunAsync&gt;d__27&lt;System.__Canon&gt; ByRef)&#xD;
   at System.Runtime.CompilerServices.AsyncTaskMethodBuilder`1[[System.__Canon, System.Private.CoreLib, Version=9.0.0.0, Culture=neutral, PublicKeyToken=7cec85d7bea7798e]].Start[[Xunit.Sdk.TestCollectionRunner`1+&lt;RunAsync&gt;d__27[[System.__Canon, System.Private.CoreLib, Version=9.0.0.0, Culture=neutral, PublicKeyToken=7cec85d7bea7798e]], xunit.execution.dotnet, Version=2.9.2.0, Culture=neutral, PublicKeyToken=8d05b1bb7a6fdb6c]](&lt;RunAsync&gt;d__27&lt;System.__Canon&gt; ByRef)&#xD;
   at Xunit.Sdk.TestCollectionRunner`1[[System.__Canon, System.Private.CoreLib, Version=9.0.0.0, Culture=neutral, PublicKeyToken=7cec85d7bea7798e]].RunAsync()&#xD;
   at Xunit.Sdk.XunitTestAssemblyRunner+&lt;RunTestCollectionAsync&gt;d__18.MoveNext()&#xD;
   at System.Runtime.CompilerServices.AsyncMethodBuilderCore.Start[[Xunit.Sdk.XunitTestAssemblyRunner+&lt;RunTestCollectionAsync&gt;d__18, xunit.execution.dotnet, Version=2.9.2.0, Culture=neutral, PublicKeyToken=8d05b1bb7a6fdb6c]](&lt;RunTestCollectionAsync&gt;d__18 ByRef)&#xD;
   at System.Runtime.CompilerServices.AsyncTaskMethodBuilder`1[[System.__Canon, System.Private.CoreLib, Version=9.0.0.0, Culture=neutral, PublicKeyToken=7cec85d7bea7798e]].Start[[Xunit.Sdk.XunitTestAssemblyRunner+&lt;RunTestCollectionAsync&gt;d__18, xunit.execution.dotnet, Version=2.9.2.0, Culture=neutral, PublicKeyToken=8d05b1bb7a6fdb6c]](&lt;RunTestCollectionAsync&gt;d__18 ByRef)&#xD;
   at Xunit.Sdk.XunitTestAssemblyRunner.RunTestCollectionAsync(Xunit.Sdk.IMessageBus, Xunit.Abstractions.ITestCollection, System.Collections.Generic.IEnumerable`1&lt;Xunit.Sdk.IXunitTestCase&gt;, System.Threading.CancellationTokenSource)&#xD;
   at Xunit.Sdk.XunitTestAssemblyRunner+&lt;&gt;c__DisplayClass16_2.&lt;RunTestCollectionsAsync&gt;b__2()&#xD;
   at System.Threading.Tasks.Task`1[[System.__Canon, System.Private.CoreLib, Version=9.0.0.0, Culture=neutral, PublicKeyToken=7cec85d7bea7798e]].InnerInvoke()&#xD;
   at System.Threading.ExecutionContext.RunFromThreadPoolDispatchLoop(System.Threading.Thread, System.Threading.ExecutionContext, System.Threading.ContextCallback, System.Object)&#xD;
   at System.Threading.Tasks.Task.ExecuteWithThreadLocal(System.Threading.Tasks.Task ByRef, System.Threading.Thread)&#xD;
   at System.Threading.ThreadPoolWorkQueue.Dispatch()&#xD;
   at System.Threading.PortableThreadPool+WorkerThread.WorkerThreadStart()&#xD;
</StdOut>
    </Output>
    <RunInfos>
      <RunInfo computerName="DESKTOP-1MEPQV3" outcome="Error" timestamp="2025-12-11T00:23:00.8979217-03:00">
        <Text>A execução de teste ativa foi anulada. Motivo: Falha no processo do host de teste : Stack overflow.&#xD;
   at System.Reflection.Emit.DynamicMethod.GetILGenerator(Int32)&#xD;
   at System.Linq.Expressions.Compiler.LambdaCompiler..ctor(System.Linq.Expressions.Compiler.AnalyzedTree, System.Linq.Expressions.LambdaExpression)&#xD;
   at System.Linq.Expressions.Compiler.LambdaCompiler.Compile(System.Linq.Expressions.LambdaExpression)&#xD;
   at System.Linq.Expressions.Expression`1[[System.__Canon, System.Private.CoreLib, Version=9.0.0.0, Culture=neutral, PublicKeyToken=7cec85d7bea7798e]].Compile()&#xD;
   at Moq.DefaultExpressionCompiler.Compile[[System.__Canon, System.Private.CoreLib, Version=9.0.0.0, Culture=neutral, PublicKeyToken=7cec85d7bea7798e]](System.Linq.Expressions.Expression`1&lt;System.__Canon&gt;)&#xD;
   at Moq.ExpressionExtensions.CompileUsingExpressionCompiler[[System.__Canon, System.Private.CoreLib, Version=9.0.0.0, Culture=neutral, PublicKeyToken=7cec85d7bea7798e]](System.Linq.Expressions.Expression`1&lt;System.__Canon&gt;)&#xD;
   at Moq.ExpressionExtensions.IsMatch(System.Linq.Expressions.Expression, Moq.Match ByRef)&#xD;
   at Moq.MatcherFactory.CreateMatcher(System.Linq.Expressions.Expression)&#xD;
   at Moq.MatcherFactory.CreateMatcher(System.Linq.Expressions.Expression, System.Reflection.ParameterInfo)&#xD;
   at Moq.MatcherFactory.CreateMatchers(System.Collections.Generic.IReadOnlyList`1&lt;System.Linq.Expressions.Expression&gt;, System.Reflection.ParameterInfo[])&#xD;
   at Moq.MethodExpectation..ctor(System.Linq.Expressions.LambdaExpression, System.Reflection.MethodInfo, System.Collections.Generic.IReadOnlyList`1&lt;System.Linq.Expressions.Expression&gt;, Boolean, Boolean, Boolean)&#xD;
   at Moq.ExpressionExtensions.&lt;Split&gt;g__Split|5_0(System.Linq.Expressions.Expression, System.Linq.Expressions.Expression ByRef, Moq.MethodExpectation ByRef, Boolean, Boolean)&#xD;
   at Moq.ExpressionExtensions.Split(System.Linq.Expressions.LambdaExpression, Boolean)&#xD;
   at Moq.Mock.SetupRecursive[[System.__Canon, System.Private.CoreLib, Version=9.0.0.0, Culture=neutral, PublicKeyToken=7cec85d7bea7798e]](Moq.Mock, System.Linq.Expressions.LambdaExpression, System.Func`4&lt;Moq.Mock,System.Linq.Expressions.Expression,Moq.MethodExpectation,System.__Canon&gt;, Boolean)&#xD;
   at Moq.Mock.Setup(Moq.Mock, System.Linq.Expressions.LambdaExpression, Moq.Condition)&#xD;
   at Moq.Mock`1[[System.__Canon, System.Private.CoreLib, Version=9.0.0.0, Culture=neutral, PublicKeyToken=7cec85d7bea7798e]].Setup(System.Linq.Expressions.Expression`1&lt;System.Action`1&lt;System.__Canon&gt;&gt;)&#xD;
   at Tests.Application.SharedHelpers.MockLogger.ConfigurarMockRecursivo(Moq.Mock`1&lt;Application.Contracts.IAppLogger&gt;)&#xD;
   at Tests.Application.SharedHelpers.MockLogger.ConfigurarMockRecursivo(Moq.Mock`1&lt;Application.Contracts.IAppLogger&gt;)&#xD;
   at Tests.Application.SharedHelpers.MockLogger.ConfigurarMockRecursivo(Moq.Mock`1&lt;Application.Contracts.IAppLogger&gt;)&#xD;
   at Tests.Application.SharedHelpers.MockLogger.ConfigurarMockRecursivo(Moq.Mock`1&lt;Application.Contracts.IAppLogger&gt;)&#xD;
   at Tests.Application.SharedHelpers.MockLogger.ConfigurarMockRecursivo(Moq.Mock`1&lt;Application.Contracts.IAppLogger&gt;)&#xD;
   at Tests.Application.SharedHelpers.MockLogger.ConfigurarMockRecursivo(Moq.Mock`1&lt;Application.Contracts.IAppLogger&gt;)&#xD;
   at Tests.Application.SharedHelpers.MockLogger.ConfigurarMockRecursivo(Moq.Mock`1&lt;Application.Contracts.IAppLogger&gt;)&#xD;
   at Tests.Application.SharedHelpers.MockLogger.ConfigurarMockRecursivo(Moq.Mock`1&lt;Application.Contracts.IAppLogger&gt;)&#xD;
   at Tests.Application.SharedHelpers.MockLogger.ConfigurarMockRecursivo(Moq.Mock`1&lt;Application.Contracts.IAppLogger&gt;)&#xD;
   at Tests.Application.SharedHelpers.MockLogger.ConfigurarMockRecursivo(Moq.Mock`1&lt;Application.Contracts.IAppLogger&gt;)&#xD;
   at Tests.Application.SharedHelpers.MockLogger.ConfigurarMockRecursivo(Moq.Mock`1&lt;Application.Contracts.IAppLogger&gt;)&#xD;
   at Tests.Application.SharedHelpers.MockLogger.ConfigurarMockRecursivo(Moq.Mock`1&lt;Application.Contracts.IAppLogger&gt;)&#xD;
   at Tests.Application.SharedHelpers.MockLogger.ConfigurarMockRecursivo(Moq.Mock`1&lt;Application.Contracts.IAppLogger&gt;)&#xD;
   at Tests.Application.SharedHelpers.MockLogger.ConfigurarMockRecursivo(Moq.Mock`1&lt;Application.Contracts.IAppLogger&gt;)&#xD;
   at Tests.Application.SharedHelpers.MockLogger.ConfigurarMockRecursivo(Moq.Mock`1&lt;Application.Contracts.IAppLogger&gt;)&#xD;
   at Tests.Application.SharedHelpers.MockLogger.ConfigurarMockRecursivo(Moq.Mock`1&lt;Application.Contracts.IAppLogger&gt;)&#xD;
   at Tests.Application.SharedHelpers.MockLogger.ConfigurarMockRecursivo(Moq.Mock`1&lt;Application.Contracts.IAppLogger&gt;)&#xD;
   at Tests.Application.SharedHelpers.MockLogger.ConfigurarMockRecursivo(Moq.Mock`1&lt;Application.Contracts.IAppLogger&gt;)&#xD;
   at Tests.Application.SharedHelpers.MockLogger.ConfigurarMockRecursivo(Moq.Mock`1&lt;Application.Contracts.IAppLogger&gt;)&#xD;
   at Tests.Application.SharedHelpers.MockLogger.ConfigurarMockRecursivo(Moq.Mock`1&lt;Application.Contracts.IAppLogger&gt;)&#xD;
   at Tests.Application.SharedHelpers.MockLogger.ConfigurarMockRecursivo(Moq.Mock`1&lt;Application.Contracts.IAppLogger&gt;)&#xD;
   at Tests.Application.SharedHelpers.MockLogger.ConfigurarMockRecursivo(Moq.Mock`1&lt;Application.Contracts.IAppLogger&gt;)&#xD;
   at Tests.Application.SharedHelpers.MockLogger.ConfigurarMockRecursivo(Moq.Mock`1&lt;Application.Contracts.IAppLogger&gt;)&#xD;
   at Tests.Application.SharedHelpers.MockLogger.ConfigurarMockRecursivo(Moq.Mock`1&lt;Application.Contracts.IAppLogger&gt;)&#xD;
   at Tests.Application.SharedHelpers.MockLogger.ConfigurarMockRecursivo(Moq.Mock`1&lt;Application.Contracts.IAppLogger&gt;)&#xD;
   at Tests.Application.SharedHelpers.MockLogger.ConfigurarMockRecursivo(Moq.Mock`1&lt;Application.Contracts.IAppLogger&gt;)&#xD;
   at Tests.Application.SharedHelpers.MockLogger.ConfigurarMockRecursivo(Moq.Mock`1&lt;Application.Contracts.IAppLogger&gt;)&#xD;
   at Tests.Application.SharedHelpers.MockLogger.ConfigurarMockRecursivo(Moq.Mock`1&lt;Application.Contracts.IAppLogger&gt;)&#xD;
   at Tests.Application.SharedHelpers.MockLogger.ConfigurarMockRecursivo(Moq.Mock`1&lt;Application.Contracts.IAppLogger&gt;)&#xD;
   at Tests.Application.SharedHelpers.MockLogger.ConfigurarMockRecursivo(Moq.Mock`1&lt;Application.Contracts.IAppLogger&gt;)&#xD;
   at Tests.Application.SharedHelpers.MockLogger.ConfigurarMockRecursivo(Moq.Mock`1&lt;Application.Contracts.IAppLogger&gt;)&#xD;
   at Tests.Application.SharedHelpers.MockLogger.ConfigurarMockRecursivo(Moq.Mock`1&lt;Application.Contracts.IAppLogger&gt;)&#xD;
   at Tests.Application.SharedHelpers.MockLogger.ConfigurarMockRecursivo(Moq.Mock`1&lt;Application.Contracts.IAppLogger&gt;)&#xD;
   at Tests.Application.SharedHelpers.MockLogger.ConfigurarMockRecursivo(Moq.Mock`1&lt;Application.Contracts.IAppLogger&gt;)&#xD;
   at Tests.Application.SharedHelpers.MockLogger.ConfigurarMockRecursivo(Moq.Mock`1&lt;Application.Contracts.IAppLogger&gt;)&#xD;
   at Tests.Application.SharedHelpers.MockLogger.ConfigurarMockRecursivo(Moq.Mock`1&lt;Application.Contracts.IAppLogger&gt;)&#xD;
   at Tests.Application.SharedHelpers.MockLogger.ConfigurarMockRecursivo(Moq.Mock`1&lt;Application.Contracts.IAppLogger&gt;)&#xD;
   at Tests.Application.SharedHelpers.MockLogger.ConfigurarMockRecursivo(Moq.Mock`1&lt;Application.Contracts.IAppLogger&gt;)&#xD;
   at Tests.Application.SharedHelpers.MockLogger.ConfigurarMockRecursivo(Moq.Mock`1&lt;Application.Contracts.IAppLogger&gt;)&#xD;
   at Tests.Application.SharedHelpers.MockLogger.ConfigurarMockRecursivo(Moq.Mock`1&lt;Application.Contracts.IAppLogger&gt;)&#xD;
   at Tests.Application.SharedHelpers.MockLogger.ConfigurarMockRecursivo(Moq.Mock`1&lt;Application.Contracts.IAppLogger&gt;)&#xD;
   at Tests.Application.SharedHelpers.MockLogger.ConfigurarMockRecursivo(Moq.Mock`1&lt;Application.Contracts.IAppLogger&gt;)&#xD;
   at Tests.Application.SharedHelpers.MockLogger.ConfigurarMockRecursivo(Moq.Mock`1&lt;Application.Contracts.IAppLogger&gt;)&#xD;
   at Tests.Application.SharedHelpers.MockLogger.ConfigurarMockRecursivo(Moq.Mock`1&lt;Application.Contracts.IAppLogger&gt;)&#xD;
   at Tests.Application.SharedHelpers.MockLogger.ConfigurarMockRecursivo(Moq.Mock`1&lt;Application.Contracts.IAppLogger&gt;)&#xD;
   at Tests.Application.SharedHelpers.MockLogger.ConfigurarMockRecursivo(Moq.Mock`1&lt;Application.Contracts.IAppLogger&gt;)&#xD;
   at Tests.Application.SharedHelpers.MockLogger.ConfigurarMockRecursivo(Moq.Mock`1&lt;Application.Contracts.IAppLogger&gt;)&#xD;
   at Tests.Application.SharedHelpers.MockLogger.ConfigurarMockRecursivo(Moq.Mock`1&lt;Application.Contracts.IAppLo</Text>
      </RunInfo>
    </RunInfos>
  </ResultSummary>
</TestRun>